[2022-08-05 09:19:36.323:919][main] INFO  c.i.fb.FirmBankingApiApplication - Starting FirmBankingApiApplication using Java 11.0.11 on Kimui-MacBookPro.local with PID 30911 (/Users/skwx50000/Desktop/spring/msa/FirmBankingAPI_bankstatement/build/classes/java/main started by skwx50000 in /Users/skwx50000/Desktop/spring/msa/FirmBankingAPI_bankstatement)
[2022-08-05 09:19:36.331:927][main] DEBUG c.i.fb.FirmBankingApiApplication - Running with Spring Boot v2.6.7, Spring v5.3.19
[2022-08-05 09:19:36.333:929][main] INFO  c.i.fb.FirmBankingApiApplication - No active profile set, falling back to 1 default profile: "default"
[2022-08-05 09:19:40.283:4879][main] INFO  c.i.fb.FirmBankingApiApplication - Started FirmBankingApiApplication in 4.613 seconds (JVM running for 5.808)
[2022-08-05 09:19:40.289:4885][main] DEBUG c.i.fb.FirmBankingApiApplication - ----------------------------------------
[2022-08-05 09:19:40.290:4886][main] DEBUG c.i.fb.FirmBankingApiApplication - start local cache initializing
[2022-08-05 09:19:40.290:4886][main] DEBUG c.i.fb.FirmBankingApiApplication - ----------------------------------------
[2022-08-05 09:19:40.423:5019][main] DEBUG c.i.f.mapper.CustMstMapper.initData - ==>  Preparing: SELECT OrgCd FROM CustMst WHERE InUse = "Y"
[2022-08-05 09:19:40.435:5031][main] DEBUG c.i.f.mapper.CustMstMapper.initData - ==> Parameters: 
[2022-08-05 09:19:40.459:5055][main] DEBUG c.i.f.mapper.CustMstMapper.initData - <==      Total: 2
[2022-08-05 09:19:40.482:5078][main] DEBUG c.i.f.m.CustMstMapper.selectOne - ==>  Preparing: SELECT * FROM CustMst WHERE OrgCd = ?
[2022-08-05 09:19:40.485:5081][main] DEBUG c.i.f.m.CustMstMapper.selectOne - ==> Parameters: 10000262(String)
[2022-08-05 09:19:40.497:5093][main] DEBUG c.i.f.m.CustMstMapper.selectOne - <==      Total: 1
[2022-08-05 09:19:40.498:5094][main] DEBUG c.i.f.m.CustMstMapper.selectOne - ==>  Preparing: SELECT * FROM CustMst WHERE OrgCd = ?
[2022-08-05 09:19:40.498:5094][main] DEBUG c.i.f.m.CustMstMapper.selectOne - ==> Parameters: 10000263(String)
[2022-08-05 09:19:40.506:5102][main] DEBUG c.i.f.m.CustMstMapper.selectOne - <==      Total: 1
[2022-08-05 09:19:40.507:5103][main] DEBUG c.i.fb.FirmBankingApiApplication - ----------------------------------------
[2022-08-05 09:19:40.507:5103][main] DEBUG c.i.fb.FirmBankingApiApplication - complete local cache initializing
[2022-08-05 09:19:40.507:5103][main] DEBUG c.i.fb.FirmBankingApiApplication - ----------------------------------------
[2022-08-05 09:55:32.787:2157383][https-jsse-nio-9002-exec-3] DEBUG com.inspien.fb.FirmAPIController - ----------------------------------------
[2022-08-05 09:55:32.791:2157387][https-jsse-nio-9002-exec-3] DEBUG com.inspien.fb.FirmAPIController - ----------------------------------------
[2022-08-05 09:55:32.791:2157387][https-jsse-nio-9002-exec-3] DEBUG com.inspien.fb.FirmAPIController - start local cache initializing
[2022-08-05 09:55:32.791:2157387][https-jsse-nio-9002-exec-3] DEBUG com.inspien.fb.FirmAPIController - ----------------------------------------
[2022-08-05 09:55:32.804:2157400][https-jsse-nio-9002-exec-3] DEBUG c.i.f.mapper.CustMstMapper.initData - ==>  Preparing: SELECT OrgCd FROM CustMst WHERE InUse = "Y"
[2022-08-05 09:55:32.804:2157400][https-jsse-nio-9002-exec-3] DEBUG c.i.f.mapper.CustMstMapper.initData - ==> Parameters: 
[2022-08-05 09:55:32.813:2157409][https-jsse-nio-9002-exec-3] DEBUG c.i.f.mapper.CustMstMapper.initData - <==      Total: 3
[2022-08-05 09:55:32.814:2157410][https-jsse-nio-9002-exec-3] DEBUG c.i.f.m.CustMstMapper.selectOne - ==>  Preparing: SELECT * FROM CustMst WHERE OrgCd = ?
[2022-08-05 09:55:32.814:2157410][https-jsse-nio-9002-exec-3] DEBUG c.i.f.m.CustMstMapper.selectOne - ==> Parameters: 10000262(String)
[2022-08-05 09:55:32.822:2157418][https-jsse-nio-9002-exec-3] DEBUG c.i.f.m.CustMstMapper.selectOne - <==      Total: 1
[2022-08-05 09:55:32.823:2157419][https-jsse-nio-9002-exec-3] DEBUG c.i.f.m.CustMstMapper.selectOne - ==>  Preparing: SELECT * FROM CustMst WHERE OrgCd = ?
[2022-08-05 09:55:32.823:2157419][https-jsse-nio-9002-exec-3] DEBUG c.i.f.m.CustMstMapper.selectOne - ==> Parameters: 10000263(String)
[2022-08-05 09:55:32.832:2157428][https-jsse-nio-9002-exec-3] DEBUG c.i.f.m.CustMstMapper.selectOne - <==      Total: 1
[2022-08-05 09:55:32.833:2157429][https-jsse-nio-9002-exec-3] DEBUG c.i.f.m.CustMstMapper.selectOne - ==>  Preparing: SELECT * FROM CustMst WHERE OrgCd = ?
[2022-08-05 09:55:32.833:2157429][https-jsse-nio-9002-exec-3] DEBUG c.i.f.m.CustMstMapper.selectOne - ==> Parameters: 10000264(String)
[2022-08-05 09:55:32.843:2157439][https-jsse-nio-9002-exec-3] DEBUG c.i.f.m.CustMstMapper.selectOne - <==      Total: 1
[2022-08-05 09:55:32.843:2157439][https-jsse-nio-9002-exec-3] DEBUG com.inspien.fb.FirmAPIController - ----------------------------------------
[2022-08-05 09:55:32.843:2157439][https-jsse-nio-9002-exec-3] DEBUG com.inspien.fb.FirmAPIController - complete local cache initializing
[2022-08-05 09:55:32.843:2157439][https-jsse-nio-9002-exec-3] DEBUG com.inspien.fb.FirmAPIController - ----------------------------------------
[2022-08-05 13:24:41.336:1791][main] INFO  c.i.fb.FirmBankingApiApplication - Starting FirmBankingApiApplication using Java 11.0.11 on Kimui-MacBookPro.local with PID 36455 (/Users/skwx50000/Desktop/spring/msa/FirmBankingAPI_bankstatement/build/classes/java/main started by skwx50000 in /Users/skwx50000/Desktop/spring/msa/FirmBankingAPI_bankstatement)
[2022-08-05 13:24:41.337:1792][main] DEBUG c.i.fb.FirmBankingApiApplication - Running with Spring Boot v2.6.7, Spring v5.3.19
[2022-08-05 13:24:41.338:1793][main] INFO  c.i.fb.FirmBankingApiApplication - No active profile set, falling back to 1 default profile: "default"
[2022-08-05 13:24:45.406:5861][main] INFO  c.i.fb.FirmBankingApiApplication - Started FirmBankingApiApplication in 5.616 seconds (JVM running for 6.394)
[2022-08-05 13:24:45.419:5874][main] DEBUG c.i.fb.FirmBankingApiApplication - ----------------------------------------
[2022-08-05 13:24:45.419:5874][main] DEBUG c.i.fb.FirmBankingApiApplication - start local cache initializing
[2022-08-05 13:24:45.419:5874][main] DEBUG c.i.fb.FirmBankingApiApplication - ----------------------------------------
[2022-08-05 13:24:45.525:5980][main] DEBUG c.i.f.mapper.CustMstMapper.initData - ==>  Preparing: SELECT OrgCd FROM CustMst WHERE InUse = "Y"
[2022-08-05 13:24:45.535:5990][main] DEBUG c.i.f.mapper.CustMstMapper.initData - ==> Parameters: 
[2022-08-05 13:24:45.564:6019][main] DEBUG c.i.f.mapper.CustMstMapper.initData - <==      Total: 3
[2022-08-05 13:24:45.590:6045][main] DEBUG c.i.f.m.CustMstMapper.selectOne - ==>  Preparing: SELECT * FROM CustMst WHERE OrgCd = ?
[2022-08-05 13:24:45.591:6046][main] DEBUG c.i.f.m.CustMstMapper.selectOne - ==> Parameters: 10000262(String)
[2022-08-05 13:24:45.631:6086][main] DEBUG c.i.f.m.CustMstMapper.selectOne - <==      Total: 1
[2022-08-05 13:24:45.632:6087][main] DEBUG c.i.f.m.CustMstMapper.selectOne - ==>  Preparing: SELECT * FROM CustMst WHERE OrgCd = ?
[2022-08-05 13:24:45.632:6087][main] DEBUG c.i.f.m.CustMstMapper.selectOne - ==> Parameters: 10000263(String)
[2022-08-05 13:24:45.646:6101][main] DEBUG c.i.f.m.CustMstMapper.selectOne - <==      Total: 1
[2022-08-05 13:24:45.646:6101][main] DEBUG c.i.f.m.CustMstMapper.selectOne - ==>  Preparing: SELECT * FROM CustMst WHERE OrgCd = ?
[2022-08-05 13:24:45.647:6102][main] DEBUG c.i.f.m.CustMstMapper.selectOne - ==> Parameters: 10000264(String)
[2022-08-05 13:24:45.669:6124][main] DEBUG c.i.f.m.CustMstMapper.selectOne - <==      Total: 1
[2022-08-05 13:24:45.671:6126][main] DEBUG c.i.fb.FirmBankingApiApplication - ----------------------------------------
[2022-08-05 13:24:45.671:6126][main] DEBUG c.i.fb.FirmBankingApiApplication - complete local cache initializing
[2022-08-05 13:24:45.671:6126][main] DEBUG c.i.fb.FirmBankingApiApplication - ----------------------------------------
