[2022-08-13 19:15:03.864:76781770][https-jsse-nio-9006-exec-2] DEBUG com.inspien.fb.FirmAPIController - uri = /Log, 10, 1 
[2022-08-13 19:31:05.699:77743605][https-jsse-nio-9006-exec-1] DEBUG com.inspien.fb.FirmAPIController - uri = /Log, 10, 1 
[2022-08-13 19:31:05.716:77743622][https-jsse-nio-9006-exec-1] DEBUG c.i.fb.mapper.TxLogMapper.count - ==>  Preparing: select count(*) from TxLog
[2022-08-13 19:31:05.716:77743622][https-jsse-nio-9006-exec-1] DEBUG c.i.fb.mapper.TxLogMapper.count - ==> Parameters: 
[2022-08-13 19:31:05.733:77743639][https-jsse-nio-9006-exec-1] DEBUG c.i.fb.mapper.TxLogMapper.count - <==      Total: 1
[2022-08-13 19:31:05.735:77743641][https-jsse-nio-9006-exec-1] DEBUG c.i.f.mapper.TxLogMapper.selectMany - ==>  Preparing: select TxLog.*,CustMst.CustNm, BankMst.`BankNm` from TxLog JOIN CustMst ON TxLog.CustId = CustMst.CustId JOIN BankMst ON TxLog.BankCd = BankMst.BankCd order by TxIdx DESC LIMIT ?, ?
[2022-08-13 19:31:05.736:77743642][https-jsse-nio-9006-exec-1] DEBUG c.i.f.mapper.TxLogMapper.selectMany - ==> Parameters: 0(Integer), 10(Integer)
[2022-08-13 19:31:05.773:77743679][https-jsse-nio-9006-exec-1] DEBUG c.i.f.mapper.TxLogMapper.selectMany - <==      Total: 10
[2022-08-13 21:09:08.901:83626807][https-jsse-nio-9006-exec-3] DEBUG com.inspien.fb.FirmAPIController - uri = /Log, 10, 1 
[2022-08-13 21:09:08.929:83626835][https-jsse-nio-9006-exec-3] DEBUG c.i.fb.mapper.TxLogMapper.count - ==>  Preparing: select count(*) from TxLog
[2022-08-13 21:09:08.935:83626841][https-jsse-nio-9006-exec-3] DEBUG c.i.fb.mapper.TxLogMapper.count - ==> Parameters: 
[2022-08-13 21:09:08.951:83626857][https-jsse-nio-9006-exec-3] DEBUG c.i.fb.mapper.TxLogMapper.count - <==      Total: 1
[2022-08-13 21:09:08.957:83626863][https-jsse-nio-9006-exec-3] DEBUG c.i.f.mapper.TxLogMapper.selectMany - ==>  Preparing: select TxLog.*,CustMst.CustNm, BankMst.`BankNm` from TxLog JOIN CustMst ON TxLog.CustId = CustMst.CustId JOIN BankMst ON TxLog.BankCd = BankMst.BankCd order by TxIdx DESC LIMIT ?, ?
[2022-08-13 21:09:08.967:83626873][https-jsse-nio-9006-exec-3] DEBUG c.i.f.mapper.TxLogMapper.selectMany - ==> Parameters: 0(Integer), 10(Integer)
[2022-08-13 21:09:08.996:83626902][https-jsse-nio-9006-exec-3] DEBUG c.i.f.mapper.TxLogMapper.selectMany - <==      Total: 10
[2022-08-13 21:09:48.573:83666479][https-jsse-nio-9006-exec-2] DEBUG com.inspien.fb.FirmAPIController - uri = /Customer, 10, 1 
[2022-08-13 21:09:48.582:83666488][https-jsse-nio-9006-exec-2] DEBUG c.i.fb.mapper.CustMstMapper.count - ==>  Preparing: select count(*) from CustMst
[2022-08-13 21:09:48.585:83666491][https-jsse-nio-9006-exec-2] DEBUG c.i.fb.mapper.CustMstMapper.count - ==> Parameters: 
[2022-08-13 21:09:48.598:83666504][https-jsse-nio-9006-exec-2] DEBUG c.i.fb.mapper.CustMstMapper.count - <==      Total: 1
[2022-08-13 21:09:48.599:83666505][https-jsse-nio-9006-exec-2] DEBUG c.i.f.m.CustMstMapper.selectMany - ==>  Preparing: SELECT * FROM CustMst ORDER BY CustId ASC LIMIT ?, ?
[2022-08-13 21:09:48.600:83666506][https-jsse-nio-9006-exec-2] DEBUG c.i.f.m.CustMstMapper.selectMany - ==> Parameters: 0(Integer), 10(Integer)
[2022-08-13 21:09:48.615:83666521][https-jsse-nio-9006-exec-2] DEBUG c.i.f.m.CustMstMapper.selectMany - <==      Total: 10
[2022-08-13 21:09:51.553:83669459][https-jsse-nio-9006-exec-1] DEBUG com.inspien.fb.FirmAPIController - uri = /Bank, 10, 1 
[2022-08-13 21:09:51.567:83669473][https-jsse-nio-9006-exec-1] DEBUG c.i.fb.mapper.BankMstMapper.count - ==>  Preparing: select count(*) from BankMst
[2022-08-13 21:09:51.567:83669473][https-jsse-nio-9006-exec-1] DEBUG c.i.fb.mapper.BankMstMapper.count - ==> Parameters: 
[2022-08-13 21:09:51.575:83669481][https-jsse-nio-9006-exec-1] DEBUG c.i.fb.mapper.BankMstMapper.count - <==      Total: 1
[2022-08-13 21:09:51.576:83669482][https-jsse-nio-9006-exec-1] DEBUG c.i.f.m.BankMstMapper.selectMany - ==>  Preparing: SELECT * FROM BankMst ORDER BY BankId LIMIT ?, ?
[2022-08-13 21:09:51.576:83669482][https-jsse-nio-9006-exec-1] DEBUG c.i.f.m.BankMstMapper.selectMany - ==> Parameters: 0(Integer), 10(Integer)
[2022-08-13 21:09:51.592:83669498][https-jsse-nio-9006-exec-1] DEBUG c.i.f.m.BankMstMapper.selectMany - <==      Total: 10
[2022-08-13 21:09:52.343:83670249][https-jsse-nio-9006-exec-3] DEBUG com.inspien.fb.FirmAPIController - uri = /Log, 10, 1 
[2022-08-13 21:09:52.354:83670260][https-jsse-nio-9006-exec-3] DEBUG c.i.fb.mapper.TxLogMapper.count - ==>  Preparing: select count(*) from TxLog
[2022-08-13 21:09:52.354:83670260][https-jsse-nio-9006-exec-3] DEBUG c.i.fb.mapper.TxLogMapper.count - ==> Parameters: 
[2022-08-13 21:09:52.364:83670270][https-jsse-nio-9006-exec-3] DEBUG c.i.fb.mapper.TxLogMapper.count - <==      Total: 1
[2022-08-13 21:09:52.364:83670270][https-jsse-nio-9006-exec-3] DEBUG c.i.f.mapper.TxLogMapper.selectMany - ==>  Preparing: select TxLog.*,CustMst.CustNm, BankMst.`BankNm` from TxLog JOIN CustMst ON TxLog.CustId = CustMst.CustId JOIN BankMst ON TxLog.BankCd = BankMst.BankCd order by TxIdx DESC LIMIT ?, ?
[2022-08-13 21:09:52.364:83670270][https-jsse-nio-9006-exec-3] DEBUG c.i.f.mapper.TxLogMapper.selectMany - ==> Parameters: 0(Integer), 10(Integer)
[2022-08-13 21:09:52.379:83670285][https-jsse-nio-9006-exec-3] DEBUG c.i.f.mapper.TxLogMapper.selectMany - <==      Total: 10
[2022-08-13 21:09:52.865:83670771][https-jsse-nio-9006-exec-2] DEBUG com.inspien.fb.FirmAPIController - uri = /Stat, 10, 1 
[2022-08-13 21:09:52.865:83670771][https-jsse-nio-9006-exec-2] DEBUG c.i.fb.mapper.TxStatMapper.count - ==>  Preparing: select count(*) from TxStat
[2022-08-13 21:09:52.865:83670771][https-jsse-nio-9006-exec-2] DEBUG c.i.fb.mapper.TxStatMapper.count - ==> Parameters: 
[2022-08-13 21:09:52.884:83670790][https-jsse-nio-9006-exec-2] DEBUG c.i.fb.mapper.TxStatMapper.count - <==      Total: 1
[2022-08-13 21:09:52.884:83670790][https-jsse-nio-9006-exec-2] DEBUG c.i.f.m.TxStatMapper.selectMany - ==>  Preparing: select TxStat.*,CustMst.CustNm, BankMst.`BankNm` from TxStat JOIN CustMst ON TxStat.CustId = CustMst.CustId JOIN BankMst ON TxStat.BankCd = BankMst.BankCd order by TxDate DESC LIMIT ?, ?
[2022-08-13 21:09:52.884:83670790][https-jsse-nio-9006-exec-2] DEBUG c.i.f.m.TxStatMapper.selectMany - ==> Parameters: 0(Integer), 10(Integer)
[2022-08-13 21:09:52.893:83670799][https-jsse-nio-9006-exec-2] DEBUG c.i.f.m.TxStatMapper.selectMany - <==      Total: 10
[2022-08-13 21:09:53.362:83671268][https-jsse-nio-9006-exec-1] DEBUG com.inspien.fb.FirmAPIController - uri = /Trace, 10, 1 
[2022-08-13 21:09:53.362:83671268][https-jsse-nio-9006-exec-1] DEBUG c.i.fb.mapper.TxTraceMapper.count - ==>  Preparing: select count(*) from TxTrace
[2022-08-13 21:09:53.362:83671268][https-jsse-nio-9006-exec-1] DEBUG c.i.fb.mapper.TxTraceMapper.count - ==> Parameters: 
[2022-08-13 21:09:53.370:83671276][https-jsse-nio-9006-exec-1] DEBUG c.i.fb.mapper.TxTraceMapper.count - <==      Total: 1
[2022-08-13 21:09:53.371:83671277][https-jsse-nio-9006-exec-1] DEBUG c.i.f.m.TxTraceMapper.selectMany - ==>  Preparing: select TxTrace.*,CustMst.CustNm from TxTrace JOIN CustMst ON TxTrace.CustId = CustMst.CustId order by TxDate DESC LIMIT ?, ?
[2022-08-13 21:09:53.371:83671277][https-jsse-nio-9006-exec-1] DEBUG c.i.f.m.TxTraceMapper.selectMany - ==> Parameters: 0(Integer), 10(Integer)
[2022-08-13 21:09:53.385:83671291][https-jsse-nio-9006-exec-1] DEBUG c.i.f.m.TxTraceMapper.selectMany - <==      Total: 10
