[2022-08-02 09:06:46.616:1599][main] INFO  c.i.fb.FirmBankingApiApplication - Starting FirmBankingApiApplication using Java 11.0.15 on DESKTOP-6SC29VP with PID 34924 (C:\Users\judyi\Desktop\class\inspien\Firmbanking\build\classes\java\main started by judyi in C:\Users\judyi\Desktop\class\inspien\Firmbanking)
[2022-08-02 09:06:46.645:1628][main] DEBUG c.i.fb.FirmBankingApiApplication - Running with Spring Boot v2.6.7, Spring v5.3.19
[2022-08-02 09:06:46.646:1629][main] INFO  c.i.fb.FirmBankingApiApplication - No active profile set, falling back to 1 default profile: "default"
[2022-08-02 09:06:51.846:6829][main] INFO  c.i.fb.FirmBankingApiApplication - Started FirmBankingApiApplication in 6.481 seconds (JVM running for 24.794)
[2022-08-02 09:07:20.373:35356][https-jsse-nio-9000-exec-3] DEBUG com.inspien.fb.FirmAPIController - accessCount=0, POST, 407, /firmapi/rt/v1/aa
[2022-08-02 09:07:20.755:35738][https-jsse-nio-9000-exec-3] DEBUG c.i.f.m.CustMstMapper.selectOne - ==>  Preparing: SELECT CustId, CustNm, OrgCd, CallbackURL, InUse FROM CustMst WHERE OrgCd = ?
[2022-08-02 09:07:20.803:35786][https-jsse-nio-9000-exec-3] DEBUG c.i.f.m.CustMstMapper.selectOne - ==> Parameters: 10000262(String)
[2022-08-02 09:07:20.937:35920][https-jsse-nio-9000-exec-3] DEBUG c.i.f.m.CustMstMapper.selectOne - <==      Total: 1
[2022-08-02 09:07:20.957:35940][https-jsse-nio-9000-exec-3] INFO  com.inspien.fb.FirmAPIController - TransferRequest=10000262,TransferRequest(api_key=7242191d-865c-48df-aa02-e3cf10bffd6d, org_code=10000262, drw_bank_code=004, telegram_no=13, drw_account=832210312031, drw_account_cntn=문세인, rv_bank_code=081, rv_account=46291012501007, rv_account_cntn=핍랄샐, amount=1000, tr_dt=20220602, tr_tm=155011)
[2022-08-02 09:07:21.102:36085][https-jsse-nio-9000-exec-3] DEBUG com.inspien.fb.FirmAPIController - CustMst List =CustMst(CustId=0000000001, CustNm=SAPTest, OrgCd=10000262, CallbackURL=https://p200029-iflmap.hcisbp.ap1.hana.ondemand.com/http/BankStatementPost, InUse=Y, isErr=null)
[2022-08-02 09:07:21.709:36692][https-jsse-nio-9000-exec-3] DEBUG com.inspien.fb.svc.VANProxy - ----------------------------------------
[2022-08-02 09:07:21.710:36693][https-jsse-nio-9000-exec-3] DEBUG com.inspien.fb.svc.VANProxy - Executing request POST https://test-gw-firm.dozn.co.kr/api/rt/v1/account/open ==> {
  "api_key" : "7242191d-865c-48df-aa02-e3cf10bffd6d",
  "org_code" : "10000262",
  "drw_bank_code" : "004",
  "telegram_no" : 1
}
[2022-08-02 09:07:22.274:37257][https-jsse-nio-9000-exec-3] DEBUG com.inspien.fb.svc.VANProxy - ----------------------------------------
[2022-08-02 09:07:22.275:37258][https-jsse-nio-9000-exec-3] DEBUG com.inspien.fb.svc.VANProxy - 200 200 ==> {"status":200,"drw_bank_code":"004","open_state":"SUCCESS"}
[2022-08-02 09:07:22.275:37258][https-jsse-nio-9000-exec-3] DEBUG com.inspien.fb.svc.VANProxy - SSL protocol TLSv1.2, cipher suite TLS_ECDHE_RSA_WITH_AES_256_GCM_SHA384
[2022-08-02 09:07:22.455:37438][https-jsse-nio-9000-exec-3] INFO  com.inspien.fb.svc.FBService - txNo : 2
[2022-08-02 09:07:22.469:37452][https-jsse-nio-9000-exec-3] DEBUG com.inspien.fb.svc.VANProxy - ----------------------------------------
[2022-08-02 09:07:22.470:37453][https-jsse-nio-9000-exec-3] DEBUG com.inspien.fb.svc.VANProxy - Executing request POST https://test-gw-firm.dozn.co.kr/api/rt/v1/transfer ==> {
  "api_key" : "7242191d-865c-48df-aa02-e3cf10bffd6d",
  "org_code" : "10000262",
  "drw_bank_code" : "004",
  "telegram_no" : 2,
  "drw_account" : "832210312031",
  "drw_account_cntn" : "문세인",
  "rv_bank_code" : "081",
  "rv_account" : "46291012501007",
  "rv_account_cntn" : "핍랄샐",
  "amount" : 1000,
  "tr_dt" : "20220602",
  "tr_tm" : "155011"
}
[2022-08-02 09:07:42.379:57362][https-jsse-nio-9000-exec-3] DEBUG com.inspien.fb.svc.VANProxy - ----------------------------------------
[2022-08-02 09:07:42.379:57362][https-jsse-nio-9000-exec-3] DEBUG com.inspien.fb.svc.VANProxy - 400 400 ==> {"status":400,"error_code":"VTIM","error_message":"은행 TIMEOUT 발생"}
[2022-08-02 09:07:42.381:57364][https-jsse-nio-9000-exec-3] DEBUG com.inspien.fb.svc.VANProxy - SSL protocol TLSv1.2, cipher suite TLS_ECDHE_RSA_WITH_AES_256_GCM_SHA384
[2022-08-02 09:07:42.408:57391][https-jsse-nio-9000-exec-3] INFO  com.inspien.fb.WriteLogs - start db insert
[2022-08-02 09:07:42.445:57428][https-jsse-nio-9000-exec-3] DEBUG c.i.fb.mapper.TxLogMapper.logAdd - ==>  Preparing: INSERT INTO txlog( TxIdx, CustId, TxDate, TelegramNo, TxType, BankCd, Size, RoundTrip, StmtCnt, Status, StartDT, EndDT, EncData, NatvTrNo, ErrCode, ErrMsg ) values( ?,?,?,?,?,?, ?,?,?,?,?,?, HEX(AES_ENCRYPT(?,SHA2(?,512))),?,?,?)
[2022-08-02 09:07:42.475:57458][https-jsse-nio-9000-exec-3] DEBUG c.i.fb.mapper.TxLogMapper.logAdd - ==> Parameters: 20220802090720001(String), 0000000001(String), 2022-08-02(String), 2(String), 1(String), 081(String), 407(Long), 22.0169984(BigDecimal), 1(Integer), 400(String), 2022-08-02 09:07:20.371(Timestamp), 2022-08-02 09:07:42.39(Timestamp), {
    "api_key" : "7242191d-865c-48df-aa02-e3cf10bffd6d", 
    "org_code" : "10000262", 
    "drw_bank_code" : "004", 
    "telegram_no" : 13,
    "drw_account" : "832210312031", 
    "drw_account_cntn" : "문세인",
    "rv_bank_code" : "081", 
    "rv_account" : "46291012501007", 
    "rv_account_cntn" : "핍랄샐",
    "amount" : 1000,
    "tr_dt" : "20220602", 
    "tr_tm" : "155011"
}(String), test(String), null, VTIM(String), 은행 TIMEOUT 발생(String)
[2022-08-02 09:07:42.482:57465][https-jsse-nio-9000-exec-3] DEBUG c.i.fb.mapper.TxLogMapper.logAdd - <==    Updates: 1
[2022-08-02 09:07:42.483:57466][https-jsse-nio-9000-exec-3] DEBUG c.i.f.m.T.insertOrUpdateTxTrace - ==>  Preparing: INSERT INTO TxTrace( CustId, TxDate, TxSequence, TxStarted ) VALUES ( ?,?,?,?) ON DUPLICATE KEY UPDATE TxSequence = ?
[2022-08-02 09:07:42.488:57471][https-jsse-nio-9000-exec-3] DEBUG c.i.f.m.T.insertOrUpdateTxTrace - ==> Parameters: 0000000001(String), 2022-08-02(String), 2(String), Y(String), 2(String)
[2022-08-02 09:07:42.494:57477][https-jsse-nio-9000-exec-3] DEBUG c.i.f.m.T.insertOrUpdateTxTrace - <==    Updates: 1
[2022-08-02 09:07:42.495:57478][https-jsse-nio-9000-exec-3] DEBUG c.i.f.m.TxStatMapper.insertTxStat - ==>  Preparing: INSERT INTO TxStat( CustId, TxDate, BankCd, TxType, TxCnt, TxSize ) VALUES( ?,?,?,?,?,?) ON DUPLICATE KEY UPDATE TxCnt = ?,TxSize = ?
[2022-08-02 09:07:42.496:57479][https-jsse-nio-9000-exec-3] DEBUG c.i.f.m.TxStatMapper.insertTxStat - ==> Parameters: 0000000001(String), 20220802090720(String), 1(String), 1(String), 1(Long), 407(Long), 1(Long), 407(Long)
[2022-08-02 09:07:42.503:57486][https-jsse-nio-9000-exec-3] DEBUG c.i.f.m.TxStatMapper.insertTxStat - <==    Updates: 1
[2022-08-02 09:09:01.036:2420][main] INFO  c.i.fb.FirmBankingApiApplication - Starting FirmBankingApiApplication using Java 11.0.15 on DESKTOP-6SC29VP with PID 34112 (C:\Users\judyi\Desktop\class\inspien\Firmbanking\build\classes\java\main started by judyi in C:\Users\judyi\Desktop\class\inspien\Firmbanking)
[2022-08-02 09:09:01.134:2518][main] DEBUG c.i.fb.FirmBankingApiApplication - Running with Spring Boot v2.6.7, Spring v5.3.19
[2022-08-02 09:09:01.136:2520][main] INFO  c.i.fb.FirmBankingApiApplication - No active profile set, falling back to 1 default profile: "default"
[2022-08-02 09:09:05.544:6928][main] INFO  c.i.fb.FirmBankingApiApplication - Started FirmBankingApiApplication in 6.27 seconds (JVM running for 11.29)
[2022-08-02 09:09:16.485:17869][https-jsse-nio-9000-exec-3] DEBUG com.inspien.fb.FirmAPIController - accessCount=0, POST, 407, /firmapi/rt/v1/aa
[2022-08-02 09:09:16.891:18275][https-jsse-nio-9000-exec-3] DEBUG c.i.f.m.CustMstMapper.selectOne - ==>  Preparing: SELECT CustId, CustNm, OrgCd, CallbackURL, InUse FROM CustMst WHERE OrgCd = ?
[2022-08-02 09:09:16.944:18328][https-jsse-nio-9000-exec-3] DEBUG c.i.f.m.CustMstMapper.selectOne - ==> Parameters: 10000262(String)
[2022-08-02 09:09:16.984:18368][https-jsse-nio-9000-exec-3] DEBUG c.i.f.m.CustMstMapper.selectOne - <==      Total: 1
[2022-08-02 09:09:17.036:18420][https-jsse-nio-9000-exec-3] INFO  com.inspien.fb.FirmAPIController - TransferRequest=10000262,TransferRequest(api_key=7242191d-865c-48df-aa02-e3cf10bffd6d, org_code=10000262, drw_bank_code=004, telegram_no=13, drw_account=832210312031, drw_account_cntn=문세인, rv_bank_code=081, rv_account=46291012501007, rv_account_cntn=핍랄샐, amount=1000, tr_dt=20220602, tr_tm=155011)
[2022-08-02 09:09:17.133:18517][https-jsse-nio-9000-exec-3] DEBUG com.inspien.fb.FirmAPIController - CustMst List =CustMst(CustId=0000000001, CustNm=SAPTest, OrgCd=10000262, CallbackURL=https://p200029-iflmap.hcisbp.ap1.hana.ondemand.com/http/BankStatementPost, InUse=Y, isErr=null)
[2022-08-02 09:09:17.271:18655][https-jsse-nio-9000-exec-3] INFO  com.inspien.fb.svc.FBService - txNo : 3
[2022-08-02 09:09:17.710:19094][https-jsse-nio-9000-exec-3] DEBUG com.inspien.fb.svc.VANProxy - ----------------------------------------
[2022-08-02 09:09:17.711:19095][https-jsse-nio-9000-exec-3] DEBUG com.inspien.fb.svc.VANProxy - Executing request POST https://test-gw-firm.dozn.co.kr/api/rt/v1/transfer ==> {
  "api_key" : "7242191d-865c-48df-aa02-e3cf10bffd6d",
  "org_code" : "10000262",
  "drw_bank_code" : "004",
  "telegram_no" : 3,
  "drw_account" : "832210312031",
  "drw_account_cntn" : "문세인",
  "rv_bank_code" : "081",
  "rv_account" : "46291012501007",
  "rv_account_cntn" : "핍랄샐",
  "amount" : 1000,
  "tr_dt" : "20220602",
  "tr_tm" : "155011"
}
[2022-08-02 09:09:36.671:38055][https-jsse-nio-9000-exec-3] DEBUG com.inspien.fb.svc.VANProxy - ----------------------------------------
[2022-08-02 09:09:36.672:38056][https-jsse-nio-9000-exec-3] DEBUG com.inspien.fb.svc.VANProxy - 400 400 ==> {"status":400,"error_code":"VTIM","error_message":"은행 TIMEOUT 발생"}
[2022-08-02 09:09:36.672:38056][https-jsse-nio-9000-exec-3] DEBUG com.inspien.fb.svc.VANProxy - SSL protocol TLSv1.2, cipher suite TLS_ECDHE_RSA_WITH_AES_256_GCM_SHA384
[2022-08-02 09:09:36.734:38118][https-jsse-nio-9000-exec-3] INFO  com.inspien.fb.WriteLogs - start db insert
[2022-08-02 09:09:36.757:38141][https-jsse-nio-9000-exec-3] DEBUG c.i.fb.mapper.TxLogMapper.logAdd - ==>  Preparing: INSERT INTO txlog( TxIdx, CustId, TxDate, TelegramNo, TxType, BankCd, Size, RoundTrip, StmtCnt, Status, StartDT, EndDT, EncData, NatvTrNo, ErrCode, ErrMsg ) values( ?,?,?,?,?,?, ?,?,?,?,?,?, HEX(AES_ENCRYPT(?,SHA2(?,512))),?,?,?)
[2022-08-02 09:09:36.771:38155][https-jsse-nio-9000-exec-3] DEBUG c.i.fb.mapper.TxLogMapper.logAdd - ==> Parameters: 20220802090916001(String), 0000000001(String), 2022-08-02(String), 3(String), 1(String), 081(String), 407(Long), 20.2348759(BigDecimal), 1(Integer), 400(String), 2022-08-02 09:09:16.483(Timestamp), 2022-08-02 09:09:36.719(Timestamp), {
    "api_key" : "7242191d-865c-48df-aa02-e3cf10bffd6d", 
    "org_code" : "10000262", 
    "drw_bank_code" : "004", 
    "telegram_no" : 13,
    "drw_account" : "832210312031", 
    "drw_account_cntn" : "문세인",
    "rv_bank_code" : "081", 
    "rv_account" : "46291012501007", 
    "rv_account_cntn" : "핍랄샐",
    "amount" : 1000,
    "tr_dt" : "20220602", 
    "tr_tm" : "155011"
}(String), test(String), null, VTIM(String), 은행 TIMEOUT 발생(String)
[2022-08-02 09:09:36.774:38158][https-jsse-nio-9000-exec-3] DEBUG c.i.fb.mapper.TxLogMapper.logAdd - <==    Updates: 1
[2022-08-02 09:09:36.775:38159][https-jsse-nio-9000-exec-3] DEBUG c.i.f.m.T.insertOrUpdateTxTrace - ==>  Preparing: INSERT INTO TxTrace( CustId, TxDate, TxSequence, TxStarted ) VALUES ( ?,?,?,?) ON DUPLICATE KEY UPDATE TxSequence = ?
[2022-08-02 09:09:36.778:38162][https-jsse-nio-9000-exec-3] DEBUG c.i.f.m.T.insertOrUpdateTxTrace - ==> Parameters: 0000000001(String), 2022-08-02(String), 3(String), Y(String), 3(String)
[2022-08-02 09:09:36.780:38164][https-jsse-nio-9000-exec-3] DEBUG c.i.f.m.T.insertOrUpdateTxTrace - <==    Updates: 2
[2022-08-02 09:09:36.781:38165][https-jsse-nio-9000-exec-3] DEBUG c.i.f.m.TxStatMapper.insertTxStat - ==>  Preparing: INSERT INTO TxStat( CustId, TxDate, BankCd, TxType, TxCnt, TxSize ) VALUES( ?,?,?,?,?,?) ON DUPLICATE KEY UPDATE TxCnt + ?,TxSize + ?
[2022-08-02 09:09:36.785:38169][https-jsse-nio-9000-exec-3] DEBUG c.i.f.m.TxStatMapper.insertTxStat - ==> Parameters: 0000000001(String), 20220802090916(String), 1(String), 1(String), 1(Long), 407(Long), 1(Long), 407(Long)
[2022-08-02 09:10:46.847:7156][main] INFO  c.i.fb.FirmBankingApiApplication - Starting FirmBankingApiApplication using Java 11.0.15 on DESKTOP-6SC29VP with PID 35008 (C:\Users\judyi\Desktop\class\inspien\Firmbanking\build\classes\java\main started by judyi in C:\Users\judyi\Desktop\class\inspien\Firmbanking)
[2022-08-02 09:10:46.858:7167][main] DEBUG c.i.fb.FirmBankingApiApplication - Running with Spring Boot v2.6.7, Spring v5.3.19
[2022-08-02 09:10:46.860:7169][main] INFO  c.i.fb.FirmBankingApiApplication - No active profile set, falling back to 1 default profile: "default"
[2022-08-02 09:10:55.989:16298][main] INFO  c.i.fb.FirmBankingApiApplication - Started FirmBankingApiApplication in 14.876 seconds (JVM running for 24.335)
[2022-08-02 09:11:00.564:20873][https-jsse-nio-9000-exec-3] DEBUG com.inspien.fb.FirmAPIController - accessCount=0, POST, 407, /firmapi/rt/v1/aa
[2022-08-02 09:11:01.054:21363][https-jsse-nio-9000-exec-3] DEBUG c.i.f.m.CustMstMapper.selectOne - ==>  Preparing: SELECT CustId, CustNm, OrgCd, CallbackURL, InUse FROM CustMst WHERE OrgCd = ?
[2022-08-02 09:11:01.090:21399][https-jsse-nio-9000-exec-3] DEBUG c.i.f.m.CustMstMapper.selectOne - ==> Parameters: 10000262(String)
[2022-08-02 09:11:01.126:21435][https-jsse-nio-9000-exec-3] DEBUG c.i.f.m.CustMstMapper.selectOne - <==      Total: 1
[2022-08-02 09:11:01.147:21456][https-jsse-nio-9000-exec-3] INFO  com.inspien.fb.FirmAPIController - TransferRequest=10000262,TransferRequest(api_key=7242191d-865c-48df-aa02-e3cf10bffd6d, org_code=10000262, drw_bank_code=004, telegram_no=13, drw_account=832210312031, drw_account_cntn=문세인, rv_bank_code=081, rv_account=46291012501007, rv_account_cntn=핍랄샐, amount=1000, tr_dt=20220602, tr_tm=155011)
[2022-08-02 09:11:01.731:22040][https-jsse-nio-9000-exec-3] DEBUG com.inspien.fb.FirmAPIController - CustMst List =CustMst(CustId=0000000001, CustNm=SAPTest, OrgCd=10000262, CallbackURL=https://p200029-iflmap.hcisbp.ap1.hana.ondemand.com/http/BankStatementPost, InUse=Y, isErr=null)
[2022-08-02 09:11:01.860:22169][https-jsse-nio-9000-exec-3] INFO  com.inspien.fb.svc.FBService - txNo : 4
[2022-08-02 09:11:02.643:22952][https-jsse-nio-9000-exec-3] DEBUG com.inspien.fb.svc.VANProxy - ----------------------------------------
[2022-08-02 09:11:02.645:22954][https-jsse-nio-9000-exec-3] DEBUG com.inspien.fb.svc.VANProxy - Executing request POST https://test-gw-firm.dozn.co.kr/api/rt/v1/transfer ==> {
  "api_key" : "7242191d-865c-48df-aa02-e3cf10bffd6d",
  "org_code" : "10000262",
  "drw_bank_code" : "004",
  "telegram_no" : 4,
  "drw_account" : "832210312031",
  "drw_account_cntn" : "문세인",
  "rv_bank_code" : "081",
  "rv_account" : "46291012501007",
  "rv_account_cntn" : "핍랄샐",
  "amount" : 1000,
  "tr_dt" : "20220602",
  "tr_tm" : "155011"
}
[2022-08-02 09:11:23.894:44203][https-jsse-nio-9000-exec-3] DEBUG com.inspien.fb.svc.VANProxy - ----------------------------------------
[2022-08-02 09:11:23.895:44204][https-jsse-nio-9000-exec-3] DEBUG com.inspien.fb.svc.VANProxy - 400 400 ==> {"status":400,"error_code":"VTIM","error_message":"은행 TIMEOUT 발생"}
[2022-08-02 09:11:23.896:44205][https-jsse-nio-9000-exec-3] DEBUG com.inspien.fb.svc.VANProxy - SSL protocol TLSv1.2, cipher suite TLS_ECDHE_RSA_WITH_AES_256_GCM_SHA384
[2022-08-02 09:11:24.034:44343][https-jsse-nio-9000-exec-3] INFO  com.inspien.fb.WriteLogs - start db insert
[2022-08-02 09:11:24.116:44425][https-jsse-nio-9000-exec-3] DEBUG c.i.fb.mapper.TxLogMapper.logAdd - ==>  Preparing: INSERT INTO txlog( TxIdx, CustId, TxDate, TelegramNo, TxType, BankCd, Size, RoundTrip, StmtCnt, Status, StartDT, EndDT, EncData, NatvTrNo, ErrCode, ErrMsg ) values( ?,?,?,?,?,?, ?,?,?,?,?,?, HEX(AES_ENCRYPT(?,SHA2(?,512))),?,?,?)
[2022-08-02 09:11:24.146:44455][https-jsse-nio-9000-exec-3] DEBUG c.i.fb.mapper.TxLogMapper.logAdd - ==> Parameters: 20220802091100001(String), 0000000001(String), 2022-08-02(String), 4(String), 1(String), 081(String), 407(Long), 23.4296223(BigDecimal), 1(Integer), 400(String), 2022-08-02 09:11:00.562(Timestamp), 2022-08-02 09:11:23.993(Timestamp), {
    "api_key" : "7242191d-865c-48df-aa02-e3cf10bffd6d", 
    "org_code" : "10000262", 
    "drw_bank_code" : "004", 
    "telegram_no" : 13,
    "drw_account" : "832210312031", 
    "drw_account_cntn" : "문세인",
    "rv_bank_code" : "081", 
    "rv_account" : "46291012501007", 
    "rv_account_cntn" : "핍랄샐",
    "amount" : 1000,
    "tr_dt" : "20220602", 
    "tr_tm" : "155011"
}(String), test(String), null, VTIM(String), 은행 TIMEOUT 발생(String)
[2022-08-02 09:11:24.178:44487][https-jsse-nio-9000-exec-3] DEBUG c.i.fb.mapper.TxLogMapper.logAdd - <==    Updates: 1
[2022-08-02 09:11:24.181:44490][https-jsse-nio-9000-exec-3] DEBUG c.i.f.m.T.insertOrUpdateTxTrace - ==>  Preparing: INSERT INTO TxTrace( CustId, TxDate, TxSequence, TxStarted ) VALUES ( ?,?,?,?) ON DUPLICATE KEY UPDATE TxSequence = ?
[2022-08-02 09:11:24.182:44491][https-jsse-nio-9000-exec-3] DEBUG c.i.f.m.T.insertOrUpdateTxTrace - ==> Parameters: 0000000001(String), 2022-08-02(String), 4(String), Y(String), 4(String)
[2022-08-02 09:11:24.195:44504][https-jsse-nio-9000-exec-3] DEBUG c.i.f.m.T.insertOrUpdateTxTrace - <==    Updates: 2
[2022-08-02 09:11:24.198:44507][https-jsse-nio-9000-exec-3] DEBUG c.i.f.m.TxStatMapper.insertTxStat - ==>  Preparing: INSERT INTO TxStat( CustId, TxDate, BankCd, TxType, TxCnt, TxSize ) VALUES( ?,?,?,?,?,?) ON DUPLICATE KEY UPDATE TxCnt += ?,TxSize += ?
[2022-08-02 09:11:24.199:44508][https-jsse-nio-9000-exec-3] DEBUG c.i.f.m.TxStatMapper.insertTxStat - ==> Parameters: 0000000001(String), 20220802091100(String), 1(String), 1(String), 1(Long), 407(Long), 1(Long), 407(Long)
[2022-08-02 09:12:44.367:6460][main] INFO  c.i.fb.FirmBankingApiApplication - Starting FirmBankingApiApplication using Java 11.0.15 on DESKTOP-6SC29VP with PID 34712 (C:\Users\judyi\Desktop\class\inspien\Firmbanking\build\classes\java\main started by judyi in C:\Users\judyi\Desktop\class\inspien\Firmbanking)
[2022-08-02 09:12:44.378:6471][main] DEBUG c.i.fb.FirmBankingApiApplication - Running with Spring Boot v2.6.7, Spring v5.3.19
[2022-08-02 09:12:44.380:6473][main] INFO  c.i.fb.FirmBankingApiApplication - No active profile set, falling back to 1 default profile: "default"
[2022-08-02 09:13:00.709:22802][main] INFO  c.i.fb.FirmBankingApiApplication - Started FirmBankingApiApplication in 21.206 seconds (JVM running for 28.739)
[2022-08-02 09:13:05.036:27129][https-jsse-nio-9000-exec-3] DEBUG com.inspien.fb.FirmAPIController - accessCount=0, POST, 407, /firmapi/rt/v1/aa
[2022-08-02 09:13:05.571:27664][https-jsse-nio-9000-exec-3] DEBUG c.i.f.m.CustMstMapper.selectOne - ==>  Preparing: SELECT CustId, CustNm, OrgCd, CallbackURL, InUse FROM CustMst WHERE OrgCd = ?
[2022-08-02 09:13:05.682:27775][https-jsse-nio-9000-exec-3] DEBUG c.i.f.m.CustMstMapper.selectOne - ==> Parameters: 10000262(String)
[2022-08-02 09:13:05.769:27862][https-jsse-nio-9000-exec-3] DEBUG c.i.f.m.CustMstMapper.selectOne - <==      Total: 1
[2022-08-02 09:13:05.785:27878][https-jsse-nio-9000-exec-3] INFO  com.inspien.fb.FirmAPIController - TransferRequest=10000262,TransferRequest(api_key=7242191d-865c-48df-aa02-e3cf10bffd6d, org_code=10000262, drw_bank_code=004, telegram_no=13, drw_account=832210312031, drw_account_cntn=문세인, rv_bank_code=081, rv_account=46291012501007, rv_account_cntn=핍랄샐, amount=1000, tr_dt=20220602, tr_tm=155011)
[2022-08-02 09:13:05.938:28031][https-jsse-nio-9000-exec-3] DEBUG com.inspien.fb.FirmAPIController - CustMst List =CustMst(CustId=0000000001, CustNm=SAPTest, OrgCd=10000262, CallbackURL=https://p200029-iflmap.hcisbp.ap1.hana.ondemand.com/http/BankStatementPost, InUse=Y, isErr=null)
[2022-08-02 09:13:06.109:28202][https-jsse-nio-9000-exec-3] INFO  com.inspien.fb.svc.FBService - txNo : 5
[2022-08-02 09:13:06.850:28943][https-jsse-nio-9000-exec-3] DEBUG com.inspien.fb.svc.VANProxy - ----------------------------------------
[2022-08-02 09:13:06.862:28955][https-jsse-nio-9000-exec-3] DEBUG com.inspien.fb.svc.VANProxy - Executing request POST https://test-gw-firm.dozn.co.kr/api/rt/v1/transfer ==> {
  "api_key" : "7242191d-865c-48df-aa02-e3cf10bffd6d",
  "org_code" : "10000262",
  "drw_bank_code" : "004",
  "telegram_no" : 5,
  "drw_account" : "832210312031",
  "drw_account_cntn" : "문세인",
  "rv_bank_code" : "081",
  "rv_account" : "46291012501007",
  "rv_account_cntn" : "핍랄샐",
  "amount" : 1000,
  "tr_dt" : "20220602",
  "tr_tm" : "155011"
}
[2022-08-02 09:13:26.153:48246][https-jsse-nio-9000-exec-3] DEBUG com.inspien.fb.svc.VANProxy - ----------------------------------------
[2022-08-02 09:13:26.153:48246][https-jsse-nio-9000-exec-3] DEBUG com.inspien.fb.svc.VANProxy - 400 400 ==> {"status":400,"error_code":"VTIM","error_message":"은행 TIMEOUT 발생"}
[2022-08-02 09:13:26.153:48246][https-jsse-nio-9000-exec-3] DEBUG com.inspien.fb.svc.VANProxy - SSL protocol TLSv1.2, cipher suite TLS_ECDHE_RSA_WITH_AES_256_GCM_SHA384
[2022-08-02 09:13:26.255:48348][https-jsse-nio-9000-exec-3] INFO  com.inspien.fb.WriteLogs - start db insert
[2022-08-02 09:13:26.293:48386][https-jsse-nio-9000-exec-3] DEBUG c.i.fb.mapper.TxLogMapper.logAdd - ==>  Preparing: INSERT INTO txlog( TxIdx, CustId, TxDate, TelegramNo, TxType, BankCd, Size, RoundTrip, StmtCnt, Status, StartDT, EndDT, EncData, NatvTrNo, ErrCode, ErrMsg ) values( ?,?,?,?,?,?, ?,?,?,?,?,?, HEX(AES_ENCRYPT(?,SHA2(?,512))),?,?,?)
[2022-08-02 09:13:26.309:48402][https-jsse-nio-9000-exec-3] DEBUG c.i.fb.mapper.TxLogMapper.logAdd - ==> Parameters: 20220802091305001(String), 0000000001(String), 2022-08-02(String), 5(String), 1(String), 081(String), 407(Long), 21.1945037(BigDecimal), 1(Integer), 400(String), 2022-08-02 09:13:05.034(Timestamp), 2022-08-02 09:13:26.23(Timestamp), {
    "api_key" : "7242191d-865c-48df-aa02-e3cf10bffd6d", 
    "org_code" : "10000262", 
    "drw_bank_code" : "004", 
    "telegram_no" : 13,
    "drw_account" : "832210312031", 
    "drw_account_cntn" : "문세인",
    "rv_bank_code" : "081", 
    "rv_account" : "46291012501007", 
    "rv_account_cntn" : "핍랄샐",
    "amount" : 1000,
    "tr_dt" : "20220602", 
    "tr_tm" : "155011"
}(String), test(String), null, VTIM(String), 은행 TIMEOUT 발생(String)
[2022-08-02 09:13:26.315:48408][https-jsse-nio-9000-exec-3] DEBUG c.i.fb.mapper.TxLogMapper.logAdd - <==    Updates: 1
[2022-08-02 09:13:26.317:48410][https-jsse-nio-9000-exec-3] DEBUG c.i.f.m.T.insertOrUpdateTxTrace - ==>  Preparing: INSERT INTO TxTrace( CustId, TxDate, TxSequence, TxStarted ) VALUES ( ?,?,?,?) ON DUPLICATE KEY UPDATE TxSequence = ?
[2022-08-02 09:13:26.318:48411][https-jsse-nio-9000-exec-3] DEBUG c.i.f.m.T.insertOrUpdateTxTrace - ==> Parameters: 0000000001(String), 2022-08-02(String), 5(String), Y(String), 5(String)
[2022-08-02 09:13:26.320:48413][https-jsse-nio-9000-exec-3] DEBUG c.i.f.m.T.insertOrUpdateTxTrace - <==    Updates: 2
[2022-08-02 09:13:26.322:48415][https-jsse-nio-9000-exec-3] DEBUG c.i.f.m.TxStatMapper.insertTxStat - ==>  Preparing: INSERT INTO TxStat( CustId, TxDate, BankCd, TxType, TxCnt, TxSize ) VALUES( ?,?,?,?,?,?) ON DUPLICATE KEY UPDATE TxCnt =VALUES(TxCnt+ ?),TxSize = VALUES(TxSize+ ?)
[2022-08-02 09:13:26.323:48416][https-jsse-nio-9000-exec-3] DEBUG c.i.f.m.TxStatMapper.insertTxStat - ==> Parameters: 0000000001(String), 20220802091305(String), 1(String), 1(String), 1(Long), 407(Long), 1(Long), 407(Long)
[2022-08-02 09:14:25.283:2041][main] INFO  c.i.fb.FirmBankingApiApplication - Starting FirmBankingApiApplication using Java 11.0.15 on DESKTOP-6SC29VP with PID 36556 (C:\Users\judyi\Desktop\class\inspien\Firmbanking\build\classes\java\main started by judyi in C:\Users\judyi\Desktop\class\inspien\Firmbanking)
[2022-08-02 09:14:25.290:2048][main] DEBUG c.i.fb.FirmBankingApiApplication - Running with Spring Boot v2.6.7, Spring v5.3.19
[2022-08-02 09:14:25.291:2049][main] INFO  c.i.fb.FirmBankingApiApplication - No active profile set, falling back to 1 default profile: "default"
[2022-08-02 09:14:36.490:13248][main] INFO  c.i.fb.FirmBankingApiApplication - Started FirmBankingApiApplication in 12.775 seconds (JVM running for 21.37)
[2022-08-02 09:14:56.152:2954][main] INFO  c.i.fb.FirmBankingApiApplication - Starting FirmBankingApiApplication using Java 11.0.15 on DESKTOP-6SC29VP with PID 30408 (C:\Users\judyi\Desktop\class\inspien\Firmbanking\build\classes\java\main started by judyi in C:\Users\judyi\Desktop\class\inspien\Firmbanking)
[2022-08-02 09:14:56.158:2960][main] DEBUG c.i.fb.FirmBankingApiApplication - Running with Spring Boot v2.6.7, Spring v5.3.19
[2022-08-02 09:14:56.159:2961][main] INFO  c.i.fb.FirmBankingApiApplication - No active profile set, falling back to 1 default profile: "default"
[2022-08-02 09:15:03.096:9898][main] INFO  c.i.fb.FirmBankingApiApplication - Started FirmBankingApiApplication in 9.42 seconds (JVM running for 17.665)
[2022-08-02 09:15:06.422:13224][https-jsse-nio-9000-exec-3] DEBUG com.inspien.fb.FirmAPIController - accessCount=0, POST, 407, /firmapi/rt/v1/aa
[2022-08-02 09:15:06.871:13673][https-jsse-nio-9000-exec-3] DEBUG c.i.f.m.CustMstMapper.selectOne - ==>  Preparing: SELECT CustId, CustNm, OrgCd, CallbackURL, InUse FROM CustMst WHERE OrgCd = ?
[2022-08-02 09:15:06.907:13709][https-jsse-nio-9000-exec-3] DEBUG c.i.f.m.CustMstMapper.selectOne - ==> Parameters: 10000262(String)
[2022-08-02 09:15:06.955:13757][https-jsse-nio-9000-exec-3] DEBUG c.i.f.m.CustMstMapper.selectOne - <==      Total: 1
[2022-08-02 09:15:06.974:13776][https-jsse-nio-9000-exec-3] INFO  com.inspien.fb.FirmAPIController - TransferRequest=10000262,TransferRequest(api_key=7242191d-865c-48df-aa02-e3cf10bffd6d, org_code=10000262, drw_bank_code=004, telegram_no=13, drw_account=832210312031, drw_account_cntn=문세인, rv_bank_code=081, rv_account=46291012501007, rv_account_cntn=핍랄샐, amount=1000, tr_dt=20220602, tr_tm=155011)
[2022-08-02 09:15:07.118:13920][https-jsse-nio-9000-exec-3] DEBUG com.inspien.fb.FirmAPIController - CustMst List =CustMst(CustId=0000000001, CustNm=SAPTest, OrgCd=10000262, CallbackURL=https://p200029-iflmap.hcisbp.ap1.hana.ondemand.com/http/BankStatementPost, InUse=Y, isErr=null)
[2022-08-02 09:15:07.255:14057][https-jsse-nio-9000-exec-3] INFO  com.inspien.fb.svc.FBService - txNo : 6
[2022-08-02 09:15:07.783:14585][https-jsse-nio-9000-exec-3] DEBUG com.inspien.fb.svc.VANProxy - ----------------------------------------
[2022-08-02 09:15:07.784:14586][https-jsse-nio-9000-exec-3] DEBUG com.inspien.fb.svc.VANProxy - Executing request POST https://test-gw-firm.dozn.co.kr/api/rt/v1/transfer ==> {
  "api_key" : "7242191d-865c-48df-aa02-e3cf10bffd6d",
  "org_code" : "10000262",
  "drw_bank_code" : "004",
  "telegram_no" : 6,
  "drw_account" : "832210312031",
  "drw_account_cntn" : "문세인",
  "rv_bank_code" : "081",
  "rv_account" : "46291012501007",
  "rv_account_cntn" : "핍랄샐",
  "amount" : 1000,
  "tr_dt" : "20220602",
  "tr_tm" : "155011"
}
[2022-08-02 09:15:13.705:20507][https-jsse-nio-9000-exec-3] DEBUG com.inspien.fb.svc.VANProxy - ----------------------------------------
[2022-08-02 09:15:13.705:20507][https-jsse-nio-9000-exec-3] DEBUG com.inspien.fb.svc.VANProxy - 520 520 ==> {"status":520,"error_code":"D056","error_message":"수취인 계좌 없음"}
[2022-08-02 09:15:13.706:20508][https-jsse-nio-9000-exec-3] DEBUG com.inspien.fb.svc.VANProxy - SSL protocol TLSv1.2, cipher suite TLS_ECDHE_RSA_WITH_AES_256_GCM_SHA384
[2022-08-02 09:15:13.797:20599][https-jsse-nio-9000-exec-3] INFO  com.inspien.fb.WriteLogs - start db insert
[2022-08-02 09:15:13.840:20642][https-jsse-nio-9000-exec-3] DEBUG c.i.fb.mapper.TxLogMapper.logAdd - ==>  Preparing: INSERT INTO txlog( TxIdx, CustId, TxDate, TelegramNo, TxType, BankCd, Size, RoundTrip, StmtCnt, Status, StartDT, EndDT, EncData, NatvTrNo, ErrCode, ErrMsg ) values( ?,?,?,?,?,?, ?,?,?,?,?,?, HEX(AES_ENCRYPT(?,SHA2(?,512))),?,?,?)
[2022-08-02 09:15:13.864:20666][https-jsse-nio-9000-exec-3] DEBUG c.i.fb.mapper.TxLogMapper.logAdd - ==> Parameters: 20220802091506001(String), 0000000001(String), 2022-08-02(String), 6(String), 1(String), 081(String), 407(Long), 7.3524011(BigDecimal), 1(Integer), 520(String), 2022-08-02 09:15:06.42(Timestamp), 2022-08-02 09:15:13.774(Timestamp), {
    "api_key" : "7242191d-865c-48df-aa02-e3cf10bffd6d", 
    "org_code" : "10000262", 
    "drw_bank_code" : "004", 
    "telegram_no" : 13,
    "drw_account" : "832210312031", 
    "drw_account_cntn" : "문세인",
    "rv_bank_code" : "081", 
    "rv_account" : "46291012501007", 
    "rv_account_cntn" : "핍랄샐",
    "amount" : 1000,
    "tr_dt" : "20220602", 
    "tr_tm" : "155011"
}(String), test(String), null, D056(String), 수취인 계좌 없음(String)
[2022-08-02 09:15:13.872:20674][https-jsse-nio-9000-exec-3] DEBUG c.i.fb.mapper.TxLogMapper.logAdd - <==    Updates: 1
[2022-08-02 09:15:13.874:20676][https-jsse-nio-9000-exec-3] DEBUG c.i.f.m.T.insertOrUpdateTxTrace - ==>  Preparing: INSERT INTO TxTrace( CustId, TxDate, TxSequence, TxStarted ) VALUES ( ?,?,?,?) ON DUPLICATE KEY UPDATE TxSequence = ?
[2022-08-02 09:15:13.875:20677][https-jsse-nio-9000-exec-3] DEBUG c.i.f.m.T.insertOrUpdateTxTrace - ==> Parameters: 0000000001(String), 2022-08-02(String), 6(String), Y(String), 6(String)
[2022-08-02 09:15:13.878:20680][https-jsse-nio-9000-exec-3] DEBUG c.i.f.m.T.insertOrUpdateTxTrace - <==    Updates: 2
[2022-08-02 09:15:13.879:20681][https-jsse-nio-9000-exec-3] DEBUG c.i.f.m.TxStatMapper.insertTxStat - ==>  Preparing: INSERT INTO TxStat( CustId, TxDate, BankCd, TxType, TxCnt, TxSize ) VALUES( ?,?,?,?,?,?) ON DUPLICATE KEY UPDATE TxCnt =TxCnt+ ?,TxSize = TxSize+ ?
[2022-08-02 09:15:13.880:20682][https-jsse-nio-9000-exec-3] DEBUG c.i.f.m.TxStatMapper.insertTxStat - ==> Parameters: 0000000001(String), 20220802091506(String), 1(String), 1(String), 1(Long), 407(Long), 1(Long), 407(Long)
[2022-08-02 09:15:13.888:20690][https-jsse-nio-9000-exec-3] DEBUG c.i.f.m.TxStatMapper.insertTxStat - <==    Updates: 1
[2022-08-02 09:15:33.578:40380][https-jsse-nio-9000-exec-2] DEBUG com.inspien.fb.FirmAPIController - accessCount=0, POST, 407, /firmapi/rt/v1/aa
[2022-08-02 09:15:33.582:40384][https-jsse-nio-9000-exec-2] INFO  com.inspien.fb.FirmAPIController - TransferRequest=10000262,TransferRequest(api_key=7242191d-865c-48df-aa02-e3cf10bffd6d, org_code=10000262, drw_bank_code=004, telegram_no=13, drw_account=832210312031, drw_account_cntn=문세인, rv_bank_code=081, rv_account=46291012501007, rv_account_cntn=핍랄샐, amount=1000, tr_dt=20220602, tr_tm=155011)
[2022-08-02 09:15:33.599:40401][https-jsse-nio-9000-exec-2] DEBUG com.inspien.fb.FirmAPIController - CustMst List =CustMst(CustId=0000000001, CustNm=SAPTest, OrgCd=10000262, CallbackURL=https://p200029-iflmap.hcisbp.ap1.hana.ondemand.com/http/BankStatementPost, InUse=Y, isErr=null)
[2022-08-02 09:15:33.608:40410][https-jsse-nio-9000-exec-2] INFO  com.inspien.fb.svc.FBService - txNo : 7
[2022-08-02 09:15:33.612:40414][https-jsse-nio-9000-exec-2] DEBUG com.inspien.fb.svc.VANProxy - ----------------------------------------
[2022-08-02 09:15:33.613:40415][https-jsse-nio-9000-exec-2] DEBUG com.inspien.fb.svc.VANProxy - Executing request POST https://test-gw-firm.dozn.co.kr/api/rt/v1/transfer ==> {
  "api_key" : "7242191d-865c-48df-aa02-e3cf10bffd6d",
  "org_code" : "10000262",
  "drw_bank_code" : "004",
  "telegram_no" : 7,
  "drw_account" : "832210312031",
  "drw_account_cntn" : "문세인",
  "rv_bank_code" : "081",
  "rv_account" : "46291012501007",
  "rv_account_cntn" : "핍랄샐",
  "amount" : 1000,
  "tr_dt" : "20220602",
  "tr_tm" : "155011"
}
[2022-08-02 09:15:38.682:45484][https-jsse-nio-9000-exec-2] DEBUG com.inspien.fb.svc.VANProxy - ----------------------------------------
[2022-08-02 09:15:38.683:45485][https-jsse-nio-9000-exec-2] DEBUG com.inspien.fb.svc.VANProxy - 520 520 ==> {"status":520,"error_code":"D056","error_message":"수취인 계좌 없음"}
[2022-08-02 09:15:38.684:45486][https-jsse-nio-9000-exec-2] DEBUG com.inspien.fb.svc.VANProxy - SSL protocol TLSv1.2, cipher suite TLS_ECDHE_RSA_WITH_AES_256_GCM_SHA384
[2022-08-02 09:15:38.690:45492][https-jsse-nio-9000-exec-2] INFO  com.inspien.fb.WriteLogs - start db insert
[2022-08-02 09:15:38.696:45498][https-jsse-nio-9000-exec-2] DEBUG c.i.fb.mapper.TxLogMapper.logAdd - ==>  Preparing: INSERT INTO txlog( TxIdx, CustId, TxDate, TelegramNo, TxType, BankCd, Size, RoundTrip, StmtCnt, Status, StartDT, EndDT, EncData, NatvTrNo, ErrCode, ErrMsg ) values( ?,?,?,?,?,?, ?,?,?,?,?,?, HEX(AES_ENCRYPT(?,SHA2(?,512))),?,?,?)
[2022-08-02 09:15:38.697:45499][https-jsse-nio-9000-exec-2] DEBUG c.i.fb.mapper.TxLogMapper.logAdd - ==> Parameters: 20220802091533002(String), 0000000001(String), 2022-08-02(String), 7(String), 1(String), 081(String), 407(Long), 5.1108795(BigDecimal), 1(Integer), 520(String), 2022-08-02 09:15:33.577(Timestamp), 2022-08-02 09:15:38.688(Timestamp), {
    "api_key" : "7242191d-865c-48df-aa02-e3cf10bffd6d", 
    "org_code" : "10000262", 
    "drw_bank_code" : "004", 
    "telegram_no" : 13,
    "drw_account" : "832210312031", 
    "drw_account_cntn" : "문세인",
    "rv_bank_code" : "081", 
    "rv_account" : "46291012501007", 
    "rv_account_cntn" : "핍랄샐",
    "amount" : 1000,
    "tr_dt" : "20220602", 
    "tr_tm" : "155011"
}(String), test(String), null, D056(String), 수취인 계좌 없음(String)
[2022-08-02 09:15:38.700:45502][https-jsse-nio-9000-exec-2] DEBUG c.i.fb.mapper.TxLogMapper.logAdd - <==    Updates: 1
[2022-08-02 09:15:38.701:45503][https-jsse-nio-9000-exec-2] DEBUG c.i.f.m.T.insertOrUpdateTxTrace - ==>  Preparing: INSERT INTO TxTrace( CustId, TxDate, TxSequence, TxStarted ) VALUES ( ?,?,?,?) ON DUPLICATE KEY UPDATE TxSequence = ?
[2022-08-02 09:15:38.702:45504][https-jsse-nio-9000-exec-2] DEBUG c.i.f.m.T.insertOrUpdateTxTrace - ==> Parameters: 0000000001(String), 2022-08-02(String), 7(String), Y(String), 7(String)
[2022-08-02 09:15:38.706:45508][https-jsse-nio-9000-exec-2] DEBUG c.i.f.m.T.insertOrUpdateTxTrace - <==    Updates: 2
[2022-08-02 09:15:38.707:45509][https-jsse-nio-9000-exec-2] DEBUG c.i.f.m.TxStatMapper.insertTxStat - ==>  Preparing: INSERT INTO TxStat( CustId, TxDate, BankCd, TxType, TxCnt, TxSize ) VALUES( ?,?,?,?,?,?) ON DUPLICATE KEY UPDATE TxCnt =TxCnt+ ?,TxSize = TxSize+ ?
[2022-08-02 09:15:38.707:45509][https-jsse-nio-9000-exec-2] DEBUG c.i.f.m.TxStatMapper.insertTxStat - ==> Parameters: 0000000001(String), 20220802091533(String), 1(String), 1(String), 1(Long), 407(Long), 1(Long), 407(Long)
[2022-08-02 09:15:38.711:45513][https-jsse-nio-9000-exec-2] DEBUG c.i.f.m.TxStatMapper.insertTxStat - <==    Updates: 2
[2022-08-02 09:18:30.048:2316][main] INFO  c.i.fb.FirmBankingApiApplication - Starting FirmBankingApiApplication using Java 11.0.15 on DESKTOP-6SC29VP with PID 30976 (C:\Users\judyi\Desktop\class\inspien\Firmbanking\build\classes\java\main started by judyi in C:\Users\judyi\Desktop\class\inspien\Firmbanking)
[2022-08-02 09:18:30.053:2321][main] DEBUG c.i.fb.FirmBankingApiApplication - Running with Spring Boot v2.6.7, Spring v5.3.19
[2022-08-02 09:18:30.055:2323][main] INFO  c.i.fb.FirmBankingApiApplication - No active profile set, falling back to 1 default profile: "default"
[2022-08-02 09:18:34.000:6268][main] INFO  c.i.fb.FirmBankingApiApplication - Started FirmBankingApiApplication in 5.813 seconds (JVM running for 10.179)
[2022-08-02 09:18:42.057:14325][https-jsse-nio-9000-exec-3] DEBUG com.inspien.fb.FirmAPIController - accessCount=0, POST, 407, /firmapi/rt/v1/aa
[2022-08-02 09:18:42.499:14767][https-jsse-nio-9000-exec-3] DEBUG c.i.f.m.CustMstMapper.selectOne - ==>  Preparing: SELECT CustId, CustNm, OrgCd, CallbackURL, InUse FROM CustMst WHERE OrgCd = ?
[2022-08-02 09:18:42.548:14816][https-jsse-nio-9000-exec-3] DEBUG c.i.f.m.CustMstMapper.selectOne - ==> Parameters: 10000262(String)
[2022-08-02 09:18:42.690:14958][https-jsse-nio-9000-exec-3] DEBUG c.i.f.m.CustMstMapper.selectOne - <==      Total: 1
[2022-08-02 09:18:42.713:14981][https-jsse-nio-9000-exec-3] INFO  com.inspien.fb.FirmAPIController - TransferRequest=10000262,TransferRequest(api_key=7242191d-865c-48df-aa02-e3cf10bffd6d, org_code=10000262, drw_bank_code=004, telegram_no=13, drw_account=832210312031, drw_account_cntn=문세인, rv_bank_code=081, rv_account=46291012501007, rv_account_cntn=핍랄샐, amount=1000, tr_dt=20220602, tr_tm=155011)
[2022-08-02 09:18:42.807:15075][https-jsse-nio-9000-exec-3] DEBUG com.inspien.fb.FirmAPIController - CustMst List =CustMst(CustId=0000000001, CustNm=SAPTest, OrgCd=10000262, CallbackURL=https://p200029-iflmap.hcisbp.ap1.hana.ondemand.com/http/BankStatementPost, InUse=Y, isErr=null)
[2022-08-02 09:18:42.941:15209][https-jsse-nio-9000-exec-3] INFO  com.inspien.fb.svc.FBService - txNo : 8
[2022-08-02 09:18:43.380:15648][https-jsse-nio-9000-exec-3] DEBUG com.inspien.fb.svc.VANProxy - ----------------------------------------
[2022-08-02 09:18:43.382:15650][https-jsse-nio-9000-exec-3] DEBUG com.inspien.fb.svc.VANProxy - Executing request POST https://test-gw-firm.dozn.co.kr/api/rt/v1/transfer ==> {
  "api_key" : "7242191d-865c-48df-aa02-e3cf10bffd6d",
  "org_code" : "10000262",
  "drw_bank_code" : "004",
  "telegram_no" : 8,
  "drw_account" : "832210312031",
  "drw_account_cntn" : "문세인",
  "rv_bank_code" : "081",
  "rv_account" : "46291012501007",
  "rv_account_cntn" : "핍랄샐",
  "amount" : 1000,
  "tr_dt" : "20220602",
  "tr_tm" : "155011"
}
[2022-08-02 09:18:49.896:22164][https-jsse-nio-9000-exec-3] DEBUG com.inspien.fb.svc.VANProxy - ----------------------------------------
[2022-08-02 09:18:49.897:22165][https-jsse-nio-9000-exec-3] DEBUG com.inspien.fb.svc.VANProxy - 520 520 ==> {"status":520,"error_code":"D056","error_message":"수취인 계좌 없음"}
[2022-08-02 09:18:49.898:22166][https-jsse-nio-9000-exec-3] DEBUG com.inspien.fb.svc.VANProxy - SSL protocol TLSv1.2, cipher suite TLS_ECDHE_RSA_WITH_AES_256_GCM_SHA384
[2022-08-02 09:18:50.114:22382][https-jsse-nio-9000-exec-3] INFO  com.inspien.fb.WriteLogs - start db insert
[2022-08-02 09:18:50.173:22441][https-jsse-nio-9000-exec-3] DEBUG c.i.fb.mapper.TxLogMapper.logAdd - ==>  Preparing: INSERT INTO txlog( TxIdx, CustId, TxDate, TelegramNo, TxType, BankCd, Size, RoundTrip, StmtCnt, Status, StartDT, EndDT, EncData, NatvTrNo, ErrCode, ErrMsg ) values( ?,?,?,?,?,?, ?,?,?,?,?,?, HEX(AES_ENCRYPT(?,SHA2(?,512))),?,?,?)
[2022-08-02 09:18:50.196:22464][https-jsse-nio-9000-exec-3] DEBUG c.i.fb.mapper.TxLogMapper.logAdd - ==> Parameters: 20220802091842001(String), 0000000001(String), 2022-08-02(String), 8(String), 1(String), 081(String), 407(Long), 8.0239782(BigDecimal), 1(Integer), 520(String), 2022-08-02 09:18:42.054(Timestamp), 2022-08-02 09:18:50.08(Timestamp), {
    "api_key" : "7242191d-865c-48df-aa02-e3cf10bffd6d", 
    "org_code" : "10000262", 
    "drw_bank_code" : "004", 
    "telegram_no" : 13,
    "drw_account" : "832210312031", 
    "drw_account_cntn" : "문세인",
    "rv_bank_code" : "081", 
    "rv_account" : "46291012501007", 
    "rv_account_cntn" : "핍랄샐",
    "amount" : 1000,
    "tr_dt" : "20220602", 
    "tr_tm" : "155011"
}(String), test(String), null, D056(String), 수취인 계좌 없음(String)
[2022-08-02 09:18:50.204:22472][https-jsse-nio-9000-exec-3] DEBUG c.i.fb.mapper.TxLogMapper.logAdd - <==    Updates: 1
[2022-08-02 09:18:50.206:22474][https-jsse-nio-9000-exec-3] DEBUG c.i.f.m.T.insertOrUpdateTxTrace - ==>  Preparing: INSERT INTO TxTrace( CustId, TxDate, TxSequence, TxStarted ) VALUES ( ?,?,?,?) ON DUPLICATE KEY UPDATE TxSequence = ?
[2022-08-02 09:18:50.211:22479][https-jsse-nio-9000-exec-3] DEBUG c.i.f.m.T.insertOrUpdateTxTrace - ==> Parameters: 0000000001(String), 20220802091842(String), 8(String), Y(String), 8(String)
[2022-08-02 09:18:50.214:22482][https-jsse-nio-9000-exec-3] DEBUG c.i.f.m.T.insertOrUpdateTxTrace - <==    Updates: 2
[2022-08-02 09:18:50.215:22483][https-jsse-nio-9000-exec-3] DEBUG c.i.f.m.TxStatMapper.insertTxStat - ==>  Preparing: INSERT INTO TxStat( CustId, TxDate, BankCd, TxType, TxCnt, TxSize ) VALUES( ?,?,?,?,?,?) ON DUPLICATE KEY UPDATE TxCnt =TxCnt+ ?,TxSize = TxSize+ ?
[2022-08-02 09:18:50.218:22486][https-jsse-nio-9000-exec-3] DEBUG c.i.f.m.TxStatMapper.insertTxStat - ==> Parameters: 0000000001(String), 20220802091842(String), 1(String), 1(String), 1(Long), 407(Long), 1(Long), 407(Long)
[2022-08-02 09:18:50.222:22490][https-jsse-nio-9000-exec-3] DEBUG c.i.f.m.TxStatMapper.insertTxStat - <==    Updates: 2
[2022-08-02 09:29:51.130:3032][main] INFO  c.i.fb.FirmBankingApiApplication - Starting FirmBankingApiApplication using Java 11.0.15 on DESKTOP-6SC29VP with PID 16280 (C:\Users\judyi\Desktop\class\inspien\Firmbanking\build\classes\java\main started by judyi in C:\Users\judyi\Desktop\class\inspien\Firmbanking)
[2022-08-02 09:29:51.137:3039][main] DEBUG c.i.fb.FirmBankingApiApplication - Running with Spring Boot v2.6.7, Spring v5.3.19
[2022-08-02 09:29:51.138:3040][main] INFO  c.i.fb.FirmBankingApiApplication - No active profile set, falling back to 1 default profile: "default"
[2022-08-02 09:29:56.163:8065][main] INFO  c.i.fb.FirmBankingApiApplication - Started FirmBankingApiApplication in 6.977 seconds (JVM running for 19.926)
[2022-08-02 09:30:17.633:29535][https-jsse-nio-9000-exec-3] DEBUG com.inspien.fb.FirmAPIController - accessCount=0, POST, 407, /firmapi/rt/v1/aa
[2022-08-02 09:30:18.156:30058][https-jsse-nio-9000-exec-3] DEBUG c.i.f.m.CustMstMapper.selectOne - ==>  Preparing: SELECT CustId, CustNm, OrgCd, CallbackURL, InUse FROM CustMst WHERE OrgCd = ?
[2022-08-02 09:30:18.200:30102][https-jsse-nio-9000-exec-3] DEBUG c.i.f.m.CustMstMapper.selectOne - ==> Parameters: 10000262(String)
[2022-08-02 09:30:18.282:30184][https-jsse-nio-9000-exec-3] DEBUG c.i.f.m.CustMstMapper.selectOne - <==      Total: 1
[2022-08-02 09:30:18.307:30209][https-jsse-nio-9000-exec-3] INFO  com.inspien.fb.FirmAPIController - TransferRequest=10000262,TransferRequest(api_key=7242191d-865c-48df-aa02-e3cf10bffd6d, org_code=10000262, drw_bank_code=004, telegram_no=13, drw_account=832210312031, drw_account_cntn=문세인, rv_bank_code=081, rv_account=46291012501007, rv_account_cntn=핍랄샐, amount=1000, tr_dt=20220602, tr_tm=155011)
[2022-08-02 09:30:18.879:30781][https-jsse-nio-9000-exec-3] DEBUG com.inspien.fb.FirmAPIController - CustMst List =CustMst(CustId=0000000001, CustNm=SAPTest, OrgCd=10000262, CallbackURL=https://p200029-iflmap.hcisbp.ap1.hana.ondemand.com/http/BankStatementPost, InUse=Y, isErr=null)
[2022-08-02 09:30:19.031:30933][https-jsse-nio-9000-exec-3] INFO  com.inspien.fb.svc.FBService - txNo : 9
[2022-08-02 09:30:19.817:31719][https-jsse-nio-9000-exec-3] DEBUG com.inspien.fb.svc.VANProxy - ----------------------------------------
[2022-08-02 09:30:19.818:31720][https-jsse-nio-9000-exec-3] DEBUG com.inspien.fb.svc.VANProxy - Executing request POST https://test-gw-firm.dozn.co.kr/api/rt/v1/transfer ==> {
  "api_key" : "7242191d-865c-48df-aa02-e3cf10bffd6d",
  "org_code" : "10000262",
  "drw_bank_code" : "004",
  "telegram_no" : 9,
  "drw_account" : "832210312031",
  "drw_account_cntn" : "문세인",
  "rv_bank_code" : "081",
  "rv_account" : "46291012501007",
  "rv_account_cntn" : "핍랄샐",
  "amount" : 1000,
  "tr_dt" : "20220602",
  "tr_tm" : "155011"
}
[2022-08-02 09:30:26.482:38384][https-jsse-nio-9000-exec-3] DEBUG com.inspien.fb.svc.VANProxy - ----------------------------------------
[2022-08-02 09:30:26.483:38385][https-jsse-nio-9000-exec-3] DEBUG com.inspien.fb.svc.VANProxy - 200 200 ==> {"status":200,"natv_tr_no":"20220802002089000008","request_at":"20220802093025","amount":1000}
[2022-08-02 09:30:26.484:38386][https-jsse-nio-9000-exec-3] DEBUG com.inspien.fb.svc.VANProxy - SSL protocol TLSv1.2, cipher suite TLS_ECDHE_RSA_WITH_AES_256_GCM_SHA384
[2022-08-02 09:30:26.573:38475][https-jsse-nio-9000-exec-3] INFO  com.inspien.fb.WriteLogs - start db insert
[2022-08-02 09:30:26.613:38515][https-jsse-nio-9000-exec-3] DEBUG c.i.fb.mapper.TxLogMapper.logAdd - ==>  Preparing: INSERT INTO txlog( TxIdx, CustId, TxDate, TelegramNo, TxType, BankCd, Size, RoundTrip, StmtCnt, Status, StartDT, EndDT, EncData, NatvTrNo, ErrCode, ErrMsg ) values( ?,?,?,?,?,?, ?,?,?,?,?,?, HEX(AES_ENCRYPT(?,SHA2(?,512))),?,?,?)
[2022-08-02 09:30:26.634:38536][https-jsse-nio-9000-exec-3] DEBUG c.i.fb.mapper.TxLogMapper.logAdd - ==> Parameters: 20220802093017001(String), 0000000001(String), 2022-08-02(String), 9(String), 1(String), 081(String), 407(Long), 8.9199388(BigDecimal), 1(Integer), 200(String), 2022-08-02 09:30:17.63(Timestamp), 2022-08-02 09:30:26.552(Timestamp), {
    "api_key" : "7242191d-865c-48df-aa02-e3cf10bffd6d", 
    "org_code" : "10000262", 
    "drw_bank_code" : "004", 
    "telegram_no" : 13,
    "drw_account" : "832210312031", 
    "drw_account_cntn" : "문세인",
    "rv_bank_code" : "081", 
    "rv_account" : "46291012501007", 
    "rv_account_cntn" : "핍랄샐",
    "amount" : 1000,
    "tr_dt" : "20220602", 
    "tr_tm" : "155011"
}(String), test(String), 20220802002089000008(String), null, null
[2022-08-02 09:30:26.638:38540][https-jsse-nio-9000-exec-3] DEBUG c.i.fb.mapper.TxLogMapper.logAdd - <==    Updates: 1
[2022-08-02 09:30:26.640:38542][https-jsse-nio-9000-exec-3] DEBUG c.i.f.m.T.insertOrUpdateTxTrace - ==>  Preparing: INSERT INTO TxTrace( CustId, TxDate, TxSequence, TxStarted ) VALUES ( ?,?,?,?) ON DUPLICATE KEY UPDATE TxSequence = ?
[2022-08-02 09:30:26.641:38543][https-jsse-nio-9000-exec-3] DEBUG c.i.f.m.T.insertOrUpdateTxTrace - ==> Parameters: 0000000001(String), 20220802093017(String), 9(String), Y(String), 9(String)
[2022-08-02 09:30:26.648:38550][https-jsse-nio-9000-exec-3] DEBUG c.i.f.m.T.insertOrUpdateTxTrace - <==    Updates: 2
[2022-08-02 09:30:26.650:38552][https-jsse-nio-9000-exec-3] DEBUG c.i.f.m.TxStatMapper.insertTxStat - ==>  Preparing: INSERT INTO TxStat( CustId, TxDate, BankCd, TxType, TxCnt, TxSize ) VALUES( ?,?,?,?,?,?) ON DUPLICATE KEY UPDATE TxCnt =TxCnt+ ?,TxSize = TxSize+ ?
[2022-08-02 09:30:26.651:38553][https-jsse-nio-9000-exec-3] DEBUG c.i.f.m.TxStatMapper.insertTxStat - ==> Parameters: 0000000001(String), 20220802093017(String), 081(String), 1(String), 1(Long), 407(Long), 1(Long), 407(Long)
[2022-08-02 09:30:26.653:38555][https-jsse-nio-9000-exec-3] DEBUG c.i.f.m.TxStatMapper.insertTxStat - <==    Updates: 1
[2022-08-02 09:41:52.195:2279][main] INFO  c.i.fb.FirmBankingApiApplication - Starting FirmBankingApiApplication using Java 11.0.15 on DESKTOP-6SC29VP with PID 31380 (C:\Users\judyi\Desktop\class\inspien\Firmbanking\build\classes\java\main started by judyi in C:\Users\judyi\Desktop\class\inspien\Firmbanking)
[2022-08-02 09:41:52.201:2285][main] DEBUG c.i.fb.FirmBankingApiApplication - Running with Spring Boot v2.6.7, Spring v5.3.19
[2022-08-02 09:41:52.204:2288][main] INFO  c.i.fb.FirmBankingApiApplication - No active profile set, falling back to 1 default profile: "default"
[2022-08-02 09:41:58.327:8411][main] INFO  c.i.fb.FirmBankingApiApplication - Started FirmBankingApiApplication in 7.803 seconds (JVM running for 21.838)
[2022-08-02 09:42:16.854:26938][https-jsse-nio-9000-exec-3] DEBUG com.inspien.fb.FirmAPIController - accessCount=0, POST, 407, /firmapi/rt/v1/aa
[2022-08-02 09:42:17.143:27227][https-jsse-nio-9000-exec-3] DEBUG c.i.f.m.CustMstMapper.selectOne - ==>  Preparing: SELECT CustId, CustNm, OrgCd, CallbackURL, InUse FROM CustMst WHERE OrgCd = ?
[2022-08-02 09:42:17.181:27265][https-jsse-nio-9000-exec-3] DEBUG c.i.f.m.CustMstMapper.selectOne - ==> Parameters: 10000262(String)
[2022-08-02 09:42:17.232:27316][https-jsse-nio-9000-exec-3] DEBUG c.i.f.m.CustMstMapper.selectOne - <==      Total: 1
[2022-08-02 09:42:17.249:27333][https-jsse-nio-9000-exec-3] INFO  com.inspien.fb.FirmAPIController - TransferRequest=10000262,TransferRequest(api_key=7242191d-865c-48df-aa02-e3cf10bffd6d, org_code=10000262, drw_bank_code=004, telegram_no=13, drw_account=832210312031, drw_account_cntn=문세인, rv_bank_code=081, rv_account=46291012501007, rv_account_cntn=핍랄샐, amount=1000, tr_dt=20220602, tr_tm=155011)
[2022-08-02 09:42:17.315:27399][https-jsse-nio-9000-exec-3] DEBUG com.inspien.fb.FirmAPIController - CustMst List =CustMst(CustId=0000000001, CustNm=SAPTest, OrgCd=10000262, CallbackURL=https://p200029-iflmap.hcisbp.ap1.hana.ondemand.com/http/BankStatementPost, InUse=Y, isErr=null)
[2022-08-02 09:42:17.448:27532][https-jsse-nio-9000-exec-3] INFO  com.inspien.fb.svc.FBService - txNo : 10
[2022-08-02 09:42:17.764:27848][https-jsse-nio-9000-exec-3] DEBUG com.inspien.fb.svc.VANProxy - ----------------------------------------
[2022-08-02 09:42:17.765:27849][https-jsse-nio-9000-exec-3] DEBUG com.inspien.fb.svc.VANProxy - Executing request POST https://test-gw-firm.dozn.co.kr/api/rt/v1/transfer ==> {
  "api_key" : "7242191d-865c-48df-aa02-e3cf10bffd6d",
  "org_code" : "10000262",
  "drw_bank_code" : "004",
  "telegram_no" : 10,
  "drw_account" : "832210312031",
  "drw_account_cntn" : "문세인",
  "rv_bank_code" : "081",
  "rv_account" : "46291012501007",
  "rv_account_cntn" : "핍랄샐",
  "amount" : 1000,
  "tr_dt" : "20220602",
  "tr_tm" : "155011"
}
[2022-08-02 09:42:27.273:37357][https-jsse-nio-9000-exec-3] DEBUG com.inspien.fb.svc.VANProxy - ----------------------------------------
[2022-08-02 09:42:27.274:37358][https-jsse-nio-9000-exec-3] DEBUG com.inspien.fb.svc.VANProxy - 200 200 ==> {"status":200,"natv_tr_no":"20220802002089000009","request_at":"20220802094226","amount":1000}
[2022-08-02 09:42:27.275:37359][https-jsse-nio-9000-exec-3] DEBUG com.inspien.fb.svc.VANProxy - SSL protocol TLSv1.2, cipher suite TLS_ECDHE_RSA_WITH_AES_256_GCM_SHA384
[2022-08-02 09:42:27.406:37490][https-jsse-nio-9000-exec-3] INFO  com.inspien.fb.WriteLogs - start db insert
[2022-08-02 09:42:27.486:37570][https-jsse-nio-9000-exec-3] DEBUG c.i.fb.mapper.TxLogMapper.logAdd - ==>  Preparing: INSERT INTO txlog( TxIdx, CustId, TxDate, TelegramNo, TxType, BankCd, Size, RoundTrip, StmtCnt, Status, StartDT, EndDT, EncData, NatvTrNo, ErrCode, ErrMsg ) values( ?,?,?,?,?,?, ?,?,?,?,?,?, HEX(AES_ENCRYPT(?,SHA2(?,512))),?,?,?)
[2022-08-02 09:42:27.506:37590][https-jsse-nio-9000-exec-3] DEBUG c.i.fb.mapper.TxLogMapper.logAdd - ==> Parameters: 20220802094216001(String), 0000000001(String), 2022-08-02(String), 10(String), 1(String), 081(String), 407(Long), 10.5258703(BigDecimal), 1(Integer), 200(String), 2022-08-02 09:42:16.849(Timestamp), 2022-08-02 09:42:27.377(Timestamp), {
    "api_key" : "7242191d-865c-48df-aa02-e3cf10bffd6d", 
    "org_code" : "10000262", 
    "drw_bank_code" : "004", 
    "telegram_no" : 13,
    "drw_account" : "832210312031", 
    "drw_account_cntn" : "문세인",
    "rv_bank_code" : "081", 
    "rv_account" : "46291012501007", 
    "rv_account_cntn" : "핍랄샐",
    "amount" : 1000,
    "tr_dt" : "20220602", 
    "tr_tm" : "155011"
}(String), test(String), 20220802002089000009(String), null, null
[2022-08-02 09:42:27.524:37608][https-jsse-nio-9000-exec-3] DEBUG c.i.fb.mapper.TxLogMapper.logAdd - <==    Updates: 1
[2022-08-02 09:42:27.527:37611][https-jsse-nio-9000-exec-3] DEBUG c.i.f.m.T.insertOrUpdateTxTrace - ==>  Preparing: INSERT INTO TxTrace( CustId, TxDate, TxSequence, TxStarted ) VALUES ( ?,?,?,?) ON DUPLICATE KEY UPDATE TxSequence = ?
[2022-08-02 09:42:27.533:37617][https-jsse-nio-9000-exec-3] DEBUG c.i.f.m.T.insertOrUpdateTxTrace - ==> Parameters: 0000000001(String), 20220802094216(String), 10(String), Y(String), 10(String)
[2022-08-02 09:42:27.537:37621][https-jsse-nio-9000-exec-3] DEBUG c.i.f.m.T.insertOrUpdateTxTrace - <==    Updates: 2
[2022-08-02 09:42:27.539:37623][https-jsse-nio-9000-exec-3] DEBUG c.i.f.m.TxStatMapper.insertTxStat - ==>  Preparing: INSERT INTO TxStat( CustId, TxDate, BankCd, TxType, TxCnt, TxSize ) VALUES( ?,?,?,?,?,?) ON DUPLICATE KEY UPDATE TxCnt =TxCnt+ ?,TxSize = TxSize+ ?
[2022-08-02 09:42:27.541:37625][https-jsse-nio-9000-exec-3] DEBUG c.i.f.m.TxStatMapper.insertTxStat - ==> Parameters: 0000000001(String), 20220802094216(String), 081(String), 1(String), 1(Long), 407(Long), 1(Long), 407(Long)
[2022-08-02 09:42:27.547:37631][https-jsse-nio-9000-exec-3] DEBUG c.i.f.m.TxStatMapper.insertTxStat - <==    Updates: 2
[2022-08-02 09:44:45.677:175761][https-jsse-nio-9000-exec-1] INFO  com.inspien.fb.FirmAPIController - vanAccessCount=1, POST, 646, /firmapi/rt/v1/bankstatement
[2022-08-02 09:44:45.684:175768][https-jsse-nio-9000-exec-1] INFO  com.inspien.fb.FirmAPIController - StatementRequest=10000264,StatementRequest(org_code=10000264, bank_code=081, natv_tr_no=090001, send_dt=20220602, send_tm=133243, account=52212601, scf_dt=20201222, scf_tm=150550, rnd_gb_code=21, scf_code=30, amount=5000, obc_amount=0, after_sign=-, after_amount=10000, cms_code=, can_tr_no=000000, can_ogn_dt=00000000, account_cntn=XXXXXX, mid=null, cpt_rtu_org_code=100000XX, cpt_rtu_ogn_tr_dt=20220124, cpt_rtu_ogn_tr_no=null, cpt_rtu_ogn_orr_no=ORRNO20220124142358912582, rv_nm=XXXXX, cpt_rtu_yn=Y, cpt_rq_dt=20201223, cpt_rq_no=FR5829495665)
[2022-08-02 09:44:45.787:175871][https-jsse-nio-9000-exec-1] DEBUG c.i.f.m.CustMstMapper.selectOne - ==>  Preparing: SELECT CustId, CustNm, OrgCd, CallbackURL, InUse FROM CustMst WHERE OrgCd = ?
[2022-08-02 09:44:45.787:175871][https-jsse-nio-9000-exec-1] DEBUG c.i.f.m.CustMstMapper.selectOne - ==> Parameters: 10000264(String)
[2022-08-02 09:44:45.791:175875][https-jsse-nio-9000-exec-1] DEBUG c.i.f.m.CustMstMapper.selectOne - <==      Total: 1
[2022-08-02 09:44:45.807:175891][https-jsse-nio-9000-exec-1] DEBUG com.inspien.fb.FirmAPIController - CustMst = [CustMst(CustId=0000000003, CustNm=Test_acc1, OrgCd=10000264, CallbackURL=https://localhost:9000/bankstatement/test, InUse=Y, isErr=null)]
[2022-08-02 09:44:45.807:175891][https-jsse-nio-9000-exec-1] INFO  com.inspien.fb.FirmAPIController - callbackurl=https://localhost:9000/bankstatement/test
[2022-08-02 09:44:45.809:175893][https-jsse-nio-9000-exec-1] INFO  com.inspien.fb.svc.FBService - req, callbackURL= StatementRequest(org_code=10000264, bank_code=081, natv_tr_no=090001, send_dt=20220602, send_tm=133243, account=52212601, scf_dt=20201222, scf_tm=150550, rnd_gb_code=21, scf_code=30, amount=5000, obc_amount=0, after_sign=-, after_amount=10000, cms_code=, can_tr_no=000000, can_ogn_dt=00000000, account_cntn=XXXXXX, mid=null, cpt_rtu_org_code=100000XX, cpt_rtu_ogn_tr_dt=20220124, cpt_rtu_ogn_tr_no=null, cpt_rtu_ogn_orr_no=ORRNO20220124142358912582, rv_nm=XXXXX, cpt_rtu_yn=Y, cpt_rq_dt=20201223, cpt_rq_no=FR5829495665), https://localhost:9000/bankstatement/test
[2022-08-02 09:44:45.824:175908][https-jsse-nio-9000-exec-1] DEBUG com.inspien.fb.svc.VANProxy - ----------------------------------------
[2022-08-02 09:44:45.825:175909][https-jsse-nio-9000-exec-1] DEBUG com.inspien.fb.svc.VANProxy - Executing request POST https://localhost:9000/bankstatement/test ==> {
  "org_code" : "10000264",
  "bank_code" : "081",
  "natv_tr_no" : "090001",
  "send_dt" : "20220602",
  "send_tm" : "133243",
  "account" : "52212601",
  "scf_dt" : "20201222",
  "scf_tm" : "150550",
  "rnd_gb_code" : "21",
  "scf_code" : "30",
  "amount" : 5000,
  "obc_amount" : 0,
  "after_sign" : "-",
  "after_amount" : 10000,
  "cms_code" : "",
  "can_tr_no" : "000000",
  "can_ogn_dt" : "00000000",
  "account_cntn" : "XXXXXX",
  "cpt_rtu_org_code" : "100000XX",
  "cpt_rtu_ogn_tr_dt" : "20220124",
  "cpt_rtu_ogn_orr_no" : "ORRNO20220124142358912582",
  "rv_nm" : "XXXXX",
  "cpt_rtu_yn" : "Y",
  "cpt_rq_dt" : "20201223",
  "cpt_rq_no" : "FR5829495665"
}
[2022-08-02 09:44:45.993:176077][https-jsse-nio-9000-exec-3] INFO  com.inspien.fb.FirmAPIController - StatementRequest=10000264,StatementRequest(org_code=10000264, bank_code=081, natv_tr_no=090001, send_dt=20220602, send_tm=133243, account=52212601, scf_dt=20201222, scf_tm=150550, rnd_gb_code=21, scf_code=30, amount=5000, obc_amount=0, after_sign=-, after_amount=10000, cms_code=, can_tr_no=000000, can_ogn_dt=00000000, account_cntn=XXXXXX, mid=null, cpt_rtu_org_code=100000XX, cpt_rtu_ogn_tr_dt=20220124, cpt_rtu_ogn_tr_no=null, cpt_rtu_ogn_orr_no=ORRNO20220124142358912582, rv_nm=XXXXX, cpt_rtu_yn=Y, cpt_rq_dt=20201223, cpt_rq_no=FR5829495665)
[2022-08-02 09:44:46.008:176092][https-jsse-nio-9000-exec-1] DEBUG com.inspien.fb.svc.VANProxy - ----------------------------------------
[2022-08-02 09:44:46.008:176092][https-jsse-nio-9000-exec-1] DEBUG com.inspien.fb.svc.VANProxy - 200  ==> {"status":200,"request_at":"202208024445"}
[2022-08-02 09:44:46.008:176092][https-jsse-nio-9000-exec-1] DEBUG com.inspien.fb.svc.VANProxy - SSL protocol TLSv1.3, cipher suite TLS_AES_256_GCM_SHA384
[2022-08-02 09:44:46.010:176094][https-jsse-nio-9000-exec-1] INFO  com.inspien.fb.FirmAPIController - bankStatement response ==> StatementResponse(status=200, request_at=202208024445, error_code=null, error_message=null)
[2022-08-02 09:44:46.028:176112][https-jsse-nio-9000-exec-1] INFO  com.inspien.fb.WriteLogs - start db insert
[2022-08-02 09:44:46.031:176115][https-jsse-nio-9000-exec-1] DEBUG c.i.fb.mapper.TxLogMapper.logAdd - ==>  Preparing: INSERT INTO txlog( TxIdx, CustId, TxDate, TelegramNo, TxType, BankCd, Size, RoundTrip, StmtCnt, Status, StartDT, EndDT, EncData, NatvTrNo, ErrCode, ErrMsg ) values( ?,?,?,?,?,?, ?,?,?,?,?,?, HEX(AES_ENCRYPT(?,SHA2(?,512))),?,?,?)
[2022-08-02 09:44:46.523:176607][https-jsse-nio-9000-exec-1] DEBUG c.i.fb.mapper.TxLogMapper.logAdd - ==> Parameters: 20220802094445001(String), 0000000003(String), 2022-08-02(String), null, 3(String), 081(String), 646(Long), 0.350468(BigDecimal), 1(Integer), 200(String), 2022-08-02 09:44:45.676(Timestamp), 2022-08-02 09:44:46.027(Timestamp), {
    "org_code":"10000264","bank_code":"081",
    "natv_tr_no":"090001","send_dt":"20220602","send_tm":"133243",
    "account":"52212601","scf_dt":"20201222","scf_tm":"150550",
    "rnd_gb_code":"21","scf_code":"30","amount":"5000","obc_amount":"0",
    "after_sign":"-","after_amount":"10000","cms_code":"","can_tr_no":"000000","can_ogn_dt":"00000000",
    "account_cntn":"XXXXXX","mid":null,
    "cpt_rtu_org_code":"100000XX","cpt_rtu_ogn_tr_dt":"20220124",
    "cpt_rtu_ogn_tr_no:":"000024","cpt_rtu_ogn_orr_no":"ORRNO20220124142358912582",
    "rv_nm":"XXXXX","cpt_rtu_yn":"Y","cpt_rq_dt":"20201223","cpt_rq_no": "FR5829495665"
  }(String), test(String), 090001(String), null, null
[2022-08-02 09:44:46.538:176622][https-jsse-nio-9000-exec-1] DEBUG c.i.fb.mapper.TxLogMapper.logAdd - <==    Updates: 1
[2022-08-02 09:44:46.539:176623][https-jsse-nio-9000-exec-1] DEBUG c.i.f.m.TxStatMapper.insertTxStat - ==>  Preparing: INSERT INTO TxStat( CustId, TxDate, BankCd, TxType, TxCnt, TxSize ) VALUES( ?,?,?,?,?,?) ON DUPLICATE KEY UPDATE TxCnt =TxCnt+ ?,TxSize = TxSize+ ?
[2022-08-02 09:44:46.539:176623][https-jsse-nio-9000-exec-1] DEBUG c.i.f.m.TxStatMapper.insertTxStat - ==> Parameters: 0000000003(String), 20220802094445(String), 081(String), 3(String), 1(Long), 646(Long), 1(Long), 646(Long)
[2022-08-02 09:44:46.541:176625][https-jsse-nio-9000-exec-1] DEBUG c.i.f.m.TxStatMapper.insertTxStat - <==    Updates: 1
