[2022-08-08 09:25:09.232:874][main] INFO  c.i.fb.FirmBankingApiApplication - Starting FirmBankingApiApplication using Java 11.0.11 on Kimui-MacBookPro.local with PID 47760 (/Users/skwx50000/Desktop/spring/firmBankingService/FirmBankingAPI_transfercheck/build/classes/java/main started by skwx50000 in /Users/skwx50000/Desktop/spring/firmBankingService/FirmBankingAPI_transfercheck)
[2022-08-08 09:25:09.239:881][main] DEBUG c.i.fb.FirmBankingApiApplication - Running with Spring Boot v2.6.7, Spring v5.3.19
[2022-08-08 09:25:09.241:883][main] INFO  c.i.fb.FirmBankingApiApplication - No active profile set, falling back to 1 default profile: "default"
[2022-08-08 09:25:12.743:4385][main] INFO  c.i.fb.FirmBankingApiApplication - Started FirmBankingApiApplication in 4.121 seconds (JVM running for 5.909)
[2022-08-08 09:25:12.750:4392][main] DEBUG c.i.fb.FirmBankingApiApplication - ----------------------------------------
[2022-08-08 09:25:12.752:4394][main] DEBUG c.i.fb.FirmBankingApiApplication - start local cache initializing
[2022-08-08 09:25:12.752:4394][main] DEBUG c.i.fb.FirmBankingApiApplication - ----------------------------------------
[2022-08-08 09:25:12.882:4524][main] DEBUG c.i.f.mapper.CustMstMapper.initData - ==>  Preparing: SELECT OrgCd FROM CustMst WHERE InUse = "Y"
[2022-08-08 09:25:12.893:4535][main] DEBUG c.i.f.mapper.CustMstMapper.initData - ==> Parameters: 
[2022-08-08 09:25:12.927:4569][main] DEBUG c.i.f.mapper.CustMstMapper.initData - <==      Total: 4
[2022-08-08 09:25:12.951:4593][main] DEBUG c.i.f.m.CustMstMapper.selectOne - ==>  Preparing: SELECT * FROM CustMst WHERE OrgCd = ?
[2022-08-08 09:25:12.954:4596][main] DEBUG c.i.f.m.CustMstMapper.selectOne - ==> Parameters: 10000262(String)
[2022-08-08 09:25:12.967:4609][main] DEBUG c.i.f.m.CustMstMapper.selectOne - <==      Total: 1
[2022-08-08 09:25:12.968:4610][main] DEBUG c.i.f.m.CustMstMapper.selectOne - ==>  Preparing: SELECT * FROM CustMst WHERE OrgCd = ?
[2022-08-08 09:25:12.968:4610][main] DEBUG c.i.f.m.CustMstMapper.selectOne - ==> Parameters: 10000263(String)
[2022-08-08 09:25:12.977:4619][main] DEBUG c.i.f.m.CustMstMapper.selectOne - <==      Total: 1
[2022-08-08 09:25:12.978:4620][main] DEBUG c.i.f.m.CustMstMapper.selectOne - ==>  Preparing: SELECT * FROM CustMst WHERE OrgCd = ?
[2022-08-08 09:25:12.978:4620][main] DEBUG c.i.f.m.CustMstMapper.selectOne - ==> Parameters: 10000264(String)
[2022-08-08 09:25:12.988:4630][main] DEBUG c.i.f.m.CustMstMapper.selectOne - <==      Total: 1
[2022-08-08 09:25:12.990:4632][main] DEBUG c.i.f.m.CustMstMapper.selectOne - ==>  Preparing: SELECT * FROM CustMst WHERE OrgCd = ?
[2022-08-08 09:25:12.990:4632][main] DEBUG c.i.f.m.CustMstMapper.selectOne - ==> Parameters: 10000267(String)
[2022-08-08 09:25:12.998:4640][main] DEBUG c.i.f.m.CustMstMapper.selectOne - <==      Total: 1
[2022-08-08 09:25:12.999:4641][main] DEBUG c.i.fb.FirmBankingApiApplication - ----------------------------------------
[2022-08-08 09:25:12.999:4641][main] DEBUG c.i.fb.FirmBankingApiApplication - complete local cache initializing
[2022-08-08 09:25:12.999:4641][main] DEBUG c.i.fb.FirmBankingApiApplication - ----------------------------------------
[2022-08-08 09:38:25.626:888][main] INFO  c.i.fb.FirmBankingApiApplication - Starting FirmBankingApiApplication using Java 11.0.11 on Kimui-MacBookPro.local with PID 48361 (/Users/skwx50000/Desktop/spring/firmBankingService/FirmBankingAPI_transfercheck/build/classes/java/main started by skwx50000 in /Users/skwx50000/Desktop/spring/firmBankingService/FirmBankingAPI_transfercheck)
[2022-08-08 09:38:25.628:890][main] DEBUG c.i.fb.FirmBankingApiApplication - Running with Spring Boot v2.6.7, Spring v5.3.19
[2022-08-08 09:38:25.628:890][main] INFO  c.i.fb.FirmBankingApiApplication - No active profile set, falling back to 1 default profile: "default"
[2022-08-08 09:38:29.162:4424][main] INFO  c.i.fb.FirmBankingApiApplication - Started FirmBankingApiApplication in 4.223 seconds (JVM running for 5.064)
[2022-08-08 09:38:29.169:4431][main] DEBUG c.i.fb.FirmBankingApiApplication - ----------------------------------------
[2022-08-08 09:38:29.170:4432][main] DEBUG c.i.fb.FirmBankingApiApplication - start local cache initializing
[2022-08-08 09:38:29.170:4432][main] DEBUG c.i.fb.FirmBankingApiApplication - ----------------------------------------
[2022-08-08 09:38:29.335:4597][main] DEBUG c.i.f.mapper.CustMstMapper.initData - ==>  Preparing: SELECT OrgCd FROM CustMst WHERE InUse = "Y"
[2022-08-08 09:38:29.347:4609][main] DEBUG c.i.f.mapper.CustMstMapper.initData - ==> Parameters: 
[2022-08-08 09:38:29.390:4652][main] DEBUG c.i.f.mapper.CustMstMapper.initData - <==      Total: 4
[2022-08-08 09:38:29.418:4680][main] DEBUG c.i.f.m.CustMstMapper.selectOne - ==>  Preparing: SELECT * FROM CustMst WHERE OrgCd = ?
[2022-08-08 09:38:29.418:4680][main] DEBUG c.i.f.m.CustMstMapper.selectOne - ==> Parameters: 10000262(String)
[2022-08-08 09:38:29.431:4693][main] DEBUG c.i.f.m.CustMstMapper.selectOne - <==      Total: 1
[2022-08-08 09:38:29.432:4694][main] DEBUG c.i.f.m.CustMstMapper.selectOne - ==>  Preparing: SELECT * FROM CustMst WHERE OrgCd = ?
[2022-08-08 09:38:29.432:4694][main] DEBUG c.i.f.m.CustMstMapper.selectOne - ==> Parameters: 10000263(String)
[2022-08-08 09:38:29.451:4713][main] DEBUG c.i.f.m.CustMstMapper.selectOne - <==      Total: 1
[2022-08-08 09:38:29.451:4713][main] DEBUG c.i.f.m.CustMstMapper.selectOne - ==>  Preparing: SELECT * FROM CustMst WHERE OrgCd = ?
[2022-08-08 09:38:29.451:4713][main] DEBUG c.i.f.m.CustMstMapper.selectOne - ==> Parameters: 10000264(String)
[2022-08-08 09:38:29.462:4724][main] DEBUG c.i.f.m.CustMstMapper.selectOne - <==      Total: 1
[2022-08-08 09:38:29.464:4726][main] DEBUG c.i.f.m.CustMstMapper.selectOne - ==>  Preparing: SELECT * FROM CustMst WHERE OrgCd = ?
[2022-08-08 09:38:29.465:4727][main] DEBUG c.i.f.m.CustMstMapper.selectOne - ==> Parameters: 10000267(String)
[2022-08-08 09:38:29.479:4741][main] DEBUG c.i.f.m.CustMstMapper.selectOne - <==      Total: 1
[2022-08-08 09:38:29.479:4741][main] DEBUG c.i.fb.FirmBankingApiApplication - ----------------------------------------
[2022-08-08 09:38:29.479:4741][main] DEBUG c.i.fb.FirmBankingApiApplication - complete local cache initializing
[2022-08-08 09:38:29.479:4741][main] DEBUG c.i.fb.FirmBankingApiApplication - ----------------------------------------
[2022-08-08 09:39:20.193:879][main] INFO  c.i.fb.FirmBankingApiApplication - Starting FirmBankingApiApplication using Java 11.0.11 on Kimui-MacBookPro.local with PID 48402 (/Users/skwx50000/Desktop/spring/firmBankingService/FirmBankingAPI_transfercheck/build/classes/java/main started by skwx50000 in /Users/skwx50000/Desktop/spring/firmBankingService/FirmBankingAPI_transfercheck)
[2022-08-08 09:39:20.195:881][main] DEBUG c.i.fb.FirmBankingApiApplication - Running with Spring Boot v2.6.7, Spring v5.3.19
[2022-08-08 09:39:20.196:882][main] INFO  c.i.fb.FirmBankingApiApplication - No active profile set, falling back to 1 default profile: "default"
[2022-08-08 09:39:23.769:4455][main] INFO  c.i.fb.FirmBankingApiApplication - Started FirmBankingApiApplication in 4.232 seconds (JVM running for 4.914)
[2022-08-08 09:39:23.778:4464][main] DEBUG c.i.fb.FirmBankingApiApplication - ----------------------------------------
[2022-08-08 09:39:23.778:4464][main] DEBUG c.i.fb.FirmBankingApiApplication - start local cache initializing
[2022-08-08 09:39:23.778:4464][main] DEBUG c.i.fb.FirmBankingApiApplication - ----------------------------------------
[2022-08-08 09:39:23.894:4580][main] DEBUG c.i.f.mapper.CustMstMapper.initData - ==>  Preparing: SELECT OrgCd FROM CustMst WHERE InUse = "Y"
[2022-08-08 09:39:23.905:4591][main] DEBUG c.i.f.mapper.CustMstMapper.initData - ==> Parameters: 
[2022-08-08 09:39:23.934:4620][main] DEBUG c.i.f.mapper.CustMstMapper.initData - <==      Total: 4
[2022-08-08 09:39:23.958:4644][main] DEBUG c.i.f.m.CustMstMapper.selectOne - ==>  Preparing: SELECT * FROM CustMst WHERE OrgCd = ?
[2022-08-08 09:39:23.958:4644][main] DEBUG c.i.f.m.CustMstMapper.selectOne - ==> Parameters: 10000262(String)
[2022-08-08 09:39:23.968:4654][main] DEBUG c.i.f.m.CustMstMapper.selectOne - <==      Total: 1
[2022-08-08 09:39:23.969:4655][main] DEBUG c.i.f.m.CustMstMapper.selectOne - ==>  Preparing: SELECT * FROM CustMst WHERE OrgCd = ?
[2022-08-08 09:39:23.969:4655][main] DEBUG c.i.f.m.CustMstMapper.selectOne - ==> Parameters: 10000263(String)
[2022-08-08 09:39:23.977:4663][main] DEBUG c.i.f.m.CustMstMapper.selectOne - <==      Total: 1
[2022-08-08 09:39:23.978:4664][main] DEBUG c.i.f.m.CustMstMapper.selectOne - ==>  Preparing: SELECT * FROM CustMst WHERE OrgCd = ?
[2022-08-08 09:39:23.978:4664][main] DEBUG c.i.f.m.CustMstMapper.selectOne - ==> Parameters: 10000264(String)
[2022-08-08 09:39:23.986:4672][main] DEBUG c.i.f.m.CustMstMapper.selectOne - <==      Total: 1
[2022-08-08 09:39:23.989:4675][main] DEBUG c.i.f.m.CustMstMapper.selectOne - ==>  Preparing: SELECT * FROM CustMst WHERE OrgCd = ?
[2022-08-08 09:39:23.991:4677][main] DEBUG c.i.f.m.CustMstMapper.selectOne - ==> Parameters: 10000267(String)
[2022-08-08 09:39:24.011:4697][main] DEBUG c.i.f.m.CustMstMapper.selectOne - <==      Total: 1
[2022-08-08 09:39:24.012:4698][main] DEBUG c.i.fb.FirmBankingApiApplication - ----------------------------------------
[2022-08-08 09:39:24.012:4698][main] DEBUG c.i.fb.FirmBankingApiApplication - complete local cache initializing
[2022-08-08 09:39:24.012:4698][main] DEBUG c.i.fb.FirmBankingApiApplication - ----------------------------------------
[2022-08-08 09:47:49.544:510230][https-jsse-nio-9004-exec-3] INFO  com.inspien.fb.FirmAPIController - transferCheckRequest : TransferCheckRequest(api_key=7242191d-865c-48df-aa02-e3cf10bffd6d, org_code=10000262, org_telegram_no=2, tr_dt=20220808, drw_bank_code=088)
[2022-08-08 09:47:49.557:510243][https-jsse-nio-9004-exec-3] INFO  com.inspien.fb.FirmAPIController - custData : [CustMst(CustId=0000000001, CustNm=SAP테스트, OrgCd=10000262, CallbackURL=https://p200029-iflmap.hcisbp.ap1.hana.ondemand.com/http/BankStatementPost, ApiKey=7242191d-865c-48df-aa02-e3cf10bffd6d, PriContactNm=null, PriContactTel=null, PriContactEmail=null, SecContactNm=null, SecContactTel=null, SecContactEmail=null, TxSequence=@, InUse=Y)]
[2022-08-08 09:47:49.631:510317][https-jsse-nio-9004-exec-3] DEBUG com.inspien.fb.svc.VANProxy - ----------------------------------------
[2022-08-08 09:47:49.632:510318][https-jsse-nio-9004-exec-3] DEBUG com.inspien.fb.svc.VANProxy - Executing request POST https://test-gw-firm.dozn.co.kr/api/rt/v1/transfer/check ==> {
  "api_key" : "7242191d-865c-48df-aa02-e3cf10bffd6d",
  "org_code" : "10000262",
  "org_telegram_no" : 2,
  "tr_dt" : "20220808",
  "drw_bank_code" : "088"
}
[2022-08-08 09:47:50.000:510686][https-jsse-nio-9004-exec-3] DEBUG com.inspien.fb.svc.VANProxy - ----------------------------------------
[2022-08-08 09:47:50.000:510686][https-jsse-nio-9004-exec-3] DEBUG com.inspien.fb.svc.VANProxy - 200 200 ==> {"status":200,"natv_tr_no":"20220808002089000002","transfer_at":"20220808093624","amount":1000}
[2022-08-08 09:47:50.000:510686][https-jsse-nio-9004-exec-3] DEBUG com.inspien.fb.svc.VANProxy - SSL protocol TLSv1.2, cipher suite TLS_ECDHE_RSA_WITH_AES_256_GCM_SHA384
[2022-08-08 09:47:50.019:510705][https-jsse-nio-9004-exec-3] INFO  com.inspien.fb.WriteLogs - start db insert
[2022-08-08 09:47:50.035:510721][https-jsse-nio-9004-exec-3] DEBUG c.i.f.m.TxTraceMapper.selectTxTrace - ==>  Preparing: SELECT IFNULL(TxTrace.TxSequence,'0') FROM TxTrace WHERE CustId = ? AND TxDate = ?
[2022-08-08 09:47:50.036:510722][https-jsse-nio-9004-exec-3] DEBUG c.i.f.m.TxTraceMapper.selectTxTrace - ==> Parameters: 0000000001(String), 2022-08-08(String)
[2022-08-08 09:47:50.045:510731][https-jsse-nio-9004-exec-3] DEBUG c.i.f.m.TxTraceMapper.selectTxTrace - <==      Total: 1
[2022-08-08 09:47:50.053:510739][https-jsse-nio-9004-exec-3] DEBUG com.inspien.fb.WriteLogs - txlog : TxLog(TxIdx=20220808094749001, CustId=0000000001, TxDate=2022-08-08, TelegramNo=null, TxType=2, BankCd=088, Size=151, RoundTrip=0.470491041, StmtCnt=1, Status=200, StartDT=2022-08-08 09:47:49.537, EndDT=2022-08-08 09:47:50.009, EncData={
"api_key" : "7242191d-865c-48df-aa02-e3cf10bffd6d", 
"org_code" : "10000262", 
"org_telegram_no" : 2,
"tr_dt" : "20220808",
"drw_bank_code" : "088"
}, NatvTrNo=20220808002089000002, ErrCode=null, ErrMsg=null)
[2022-08-08 09:47:50.075:510761][https-jsse-nio-9004-exec-3] DEBUG c.i.fb.mapper.TxLogMapper.logAdd - ==>  Preparing: INSERT INTO TxLog( TxIdx, CustId, TxDate, TelegramNo, TxType, BankCd, Size, RoundTrip, StmtCnt, Status, StartDT, EndDT, EncData, NatvTrNo, ErrCode, ErrMsg ) values( ?,?,?,?,?,?, ?,?,?,?,?,?, HEX(AES_ENCRYPT(?,SHA2(?,512))),?,?,?)
[2022-08-08 09:47:50.085:510771][https-jsse-nio-9004-exec-3] DEBUG c.i.fb.mapper.TxLogMapper.logAdd - ==> Parameters: 20220808094749001(String), 0000000001(String), 2022-08-08(String), null, 2(String), 088(String), 151(Long), 0.470491041(BigDecimal), 1(Integer), 200(String), 2022-08-08 09:47:49.537(Timestamp), 2022-08-08 09:47:50.009(Timestamp), {
"api_key" : "7242191d-865c-48df-aa02-e3cf10bffd6d", 
"org_code" : "10000262", 
"org_telegram_no" : 2,
"tr_dt" : "20220808",
"drw_bank_code" : "088"
}(String), test(String), 20220808002089000002(String), null, null
[2022-08-08 09:47:50.095:510781][https-jsse-nio-9004-exec-3] DEBUG c.i.fb.mapper.TxLogMapper.logAdd - <==    Updates: 1
[2022-08-08 09:50:55.853:696539][https-jsse-nio-9004-exec-2] INFO  com.inspien.fb.FirmAPIController - transferCheckRequest : TransferCheckRequest(api_key=7242191d-865c-48df-aa02-e3cf10bffd6d, org_code=10000262, org_telegram_no=2, tr_dt=20220808, drw_bank_code=088)
[2022-08-08 09:50:55.856:696542][https-jsse-nio-9004-exec-2] INFO  com.inspien.fb.FirmAPIController - custData : [CustMst(CustId=0000000001, CustNm=SAP테스트, OrgCd=10000262, CallbackURL=https://p200029-iflmap.hcisbp.ap1.hana.ondemand.com/http/BankStatementPost, ApiKey=7242191d-865c-48df-aa02-e3cf10bffd6d, PriContactNm=null, PriContactTel=null, PriContactEmail=null, SecContactNm=null, SecContactTel=null, SecContactEmail=null, TxSequence=@, InUse=Y)]
[2022-08-08 09:50:55.865:696551][https-jsse-nio-9004-exec-2] DEBUG com.inspien.fb.svc.VANProxy - ----------------------------------------
[2022-08-08 09:50:55.865:696551][https-jsse-nio-9004-exec-2] DEBUG com.inspien.fb.svc.VANProxy - Executing request POST https://test-gw-firm.dozn.co.kr/api/rt/v1/transfer/check ==> {
  "api_key" : "7242191d-865c-48df-aa02-e3cf10bffd6d",
  "org_code" : "10000262",
  "org_telegram_no" : 2,
  "tr_dt" : "20220808",
  "drw_bank_code" : "088"
}
[2022-08-08 09:50:55.957:696643][https-jsse-nio-9004-exec-2] DEBUG com.inspien.fb.svc.VANProxy - ----------------------------------------
[2022-08-08 09:50:55.958:696644][https-jsse-nio-9004-exec-2] DEBUG com.inspien.fb.svc.VANProxy - 200 200 ==> {"status":200,"natv_tr_no":"20220808002089000002","transfer_at":"20220808093624","amount":1000}
[2022-08-08 09:50:55.958:696644][https-jsse-nio-9004-exec-2] DEBUG com.inspien.fb.svc.VANProxy - SSL protocol TLSv1.2, cipher suite TLS_ECDHE_RSA_WITH_AES_256_GCM_SHA384
[2022-08-08 09:50:55.961:696647][https-jsse-nio-9004-exec-2] INFO  com.inspien.fb.WriteLogs - start db insert
[2022-08-08 09:50:55.972:696658][https-jsse-nio-9004-exec-2] DEBUG c.i.f.m.TxTraceMapper.selectTxTrace - ==>  Preparing: SELECT IFNULL(TxTrace.TxSequence,'0') FROM TxTrace WHERE CustId = ? AND TxDate = ?
[2022-08-08 09:50:55.974:696660][https-jsse-nio-9004-exec-2] DEBUG c.i.f.m.TxTraceMapper.selectTxTrace - ==> Parameters: 0000000001(String), 2022-08-08(String)
[2022-08-08 09:50:55.984:696670][https-jsse-nio-9004-exec-2] DEBUG c.i.f.m.TxTraceMapper.selectTxTrace - <==      Total: 1
[2022-08-08 09:50:55.986:696672][https-jsse-nio-9004-exec-2] DEBUG com.inspien.fb.WriteLogs - txlog : TxLog(TxIdx=20220808095055002, CustId=0000000001, TxDate=2022-08-08, TelegramNo=null, TxType=2, BankCd=088, Size=151, RoundTrip=0.109456834, StmtCnt=1, Status=200, StartDT=2022-08-08 09:50:55.851, EndDT=2022-08-08 09:50:55.961, EncData={
"api_key" : "7242191d-865c-48df-aa02-e3cf10bffd6d", 
"org_code" : "10000262", 
"org_telegram_no" : 2,
"tr_dt" : "20220808",
"drw_bank_code" : "088"
}, NatvTrNo=20220808002089000002, ErrCode=null, ErrMsg=null)
[2022-08-08 09:50:55.987:696673][https-jsse-nio-9004-exec-2] DEBUG c.i.fb.mapper.TxLogMapper.logAdd - ==>  Preparing: INSERT INTO TxLog( TxIdx, CustId, TxDate, TelegramNo, TxType, BankCd, Size, RoundTrip, StmtCnt, Status, StartDT, EndDT, EncData, NatvTrNo, ErrCode, ErrMsg ) values( ?,?,?,?,?,?, ?,?,?,?,?,?, HEX(AES_ENCRYPT(?,SHA2(?,512))),?,?,?)
[2022-08-08 09:50:55.987:696673][https-jsse-nio-9004-exec-2] DEBUG c.i.fb.mapper.TxLogMapper.logAdd - ==> Parameters: 20220808095055002(String), 0000000001(String), 2022-08-08(String), null, 2(String), 088(String), 151(Long), 0.109456834(BigDecimal), 1(Integer), 200(String), 2022-08-08 09:50:55.851(Timestamp), 2022-08-08 09:50:55.961(Timestamp), {
"api_key" : "7242191d-865c-48df-aa02-e3cf10bffd6d", 
"org_code" : "10000262", 
"org_telegram_no" : 2,
"tr_dt" : "20220808",
"drw_bank_code" : "088"
}(String), test(String), 20220808002089000002(String), null, null
[2022-08-08 09:50:55.998:696684][https-jsse-nio-9004-exec-2] DEBUG c.i.fb.mapper.TxLogMapper.logAdd - <==    Updates: 1
[2022-08-08 09:51:14.160:714846][https-jsse-nio-9004-exec-1] INFO  com.inspien.fb.FirmAPIController - transferCheckRequest : TransferCheckRequest(api_key=7242191d-865c-48df-aa02-e3cf10bffd6d, org_code=10000262, org_telegram_no=2, tr_dt=20220808, drw_bank_code=088)
[2022-08-08 09:51:14.161:714847][https-jsse-nio-9004-exec-1] INFO  com.inspien.fb.FirmAPIController - custData : [CustMst(CustId=0000000001, CustNm=SAP테스트, OrgCd=10000262, CallbackURL=https://p200029-iflmap.hcisbp.ap1.hana.ondemand.com/http/BankStatementPost, ApiKey=7242191d-865c-48df-aa02-e3cf10bffd6d, PriContactNm=null, PriContactTel=null, PriContactEmail=null, SecContactNm=null, SecContactTel=null, SecContactEmail=null, TxSequence=@, InUse=Y)]
[2022-08-08 09:51:14.166:714852][https-jsse-nio-9004-exec-1] DEBUG com.inspien.fb.svc.VANProxy - ----------------------------------------
[2022-08-08 09:51:14.166:714852][https-jsse-nio-9004-exec-1] DEBUG com.inspien.fb.svc.VANProxy - Executing request POST https://test-gw-firm.dozn.co.kr/api/rt/v1/transfer/check ==> {
  "api_key" : "7242191d-865c-48df-aa02-e3cf10bffd6d",
  "org_code" : "10000262",
  "org_telegram_no" : 2,
  "tr_dt" : "20220808",
  "drw_bank_code" : "088"
}
[2022-08-08 09:51:14.260:714946][https-jsse-nio-9004-exec-1] DEBUG com.inspien.fb.svc.VANProxy - ----------------------------------------
[2022-08-08 09:51:14.261:714947][https-jsse-nio-9004-exec-1] DEBUG com.inspien.fb.svc.VANProxy - 200 200 ==> {"status":200,"natv_tr_no":"20220808002089000002","transfer_at":"20220808093624","amount":1000}
[2022-08-08 09:51:14.261:714947][https-jsse-nio-9004-exec-1] DEBUG com.inspien.fb.svc.VANProxy - SSL protocol TLSv1.2, cipher suite TLS_ECDHE_RSA_WITH_AES_256_GCM_SHA384
[2022-08-08 09:51:14.268:714954][https-jsse-nio-9004-exec-1] INFO  com.inspien.fb.WriteLogs - start db insert
[2022-08-08 09:51:14.276:714962][https-jsse-nio-9004-exec-1] DEBUG c.i.f.m.TxTraceMapper.selectTxTrace - ==>  Preparing: SELECT IFNULL(TxTrace.TxSequence,'0') FROM TxTrace WHERE CustId = ? AND TxDate = ?
[2022-08-08 09:51:14.278:714964][https-jsse-nio-9004-exec-1] DEBUG c.i.f.m.TxTraceMapper.selectTxTrace - ==> Parameters: 0000000001(String), 2022-08-08(String)
[2022-08-08 09:51:14.288:714974][https-jsse-nio-9004-exec-1] DEBUG c.i.f.m.TxTraceMapper.selectTxTrace - <==      Total: 1
[2022-08-08 09:51:14.291:714977][https-jsse-nio-9004-exec-1] DEBUG com.inspien.fb.WriteLogs - txlog : TxLog(TxIdx=20220808095114003, CustId=0000000001, TxDate=2022-08-08, TelegramNo=null, TxType=2, BankCd=088, Size=151, RoundTrip=0.107571917, StmtCnt=1, Status=200, StartDT=2022-08-08 09:51:14.159, EndDT=2022-08-08 09:51:14.267, EncData={
"api_key" : "7242191d-865c-48df-aa02-e3cf10bffd6d", 
"org_code" : "10000262", 
"org_telegram_no" : 2,
"tr_dt" : "20220808",
"drw_bank_code" : "088"
}, NatvTrNo=20220808002089000002, ErrCode=null, ErrMsg=null)
[2022-08-08 09:51:14.292:714978][https-jsse-nio-9004-exec-1] DEBUG c.i.fb.mapper.TxLogMapper.logAdd - ==>  Preparing: INSERT INTO TxLog( TxIdx, CustId, TxDate, TelegramNo, TxType, BankCd, Size, RoundTrip, StmtCnt, Status, StartDT, EndDT, EncData, NatvTrNo, ErrCode, ErrMsg ) values( ?,?,?,?,?,?, ?,?,?,?,?,?, HEX(AES_ENCRYPT(?,SHA2(?,512))),?,?,?)
[2022-08-08 09:51:14.292:714978][https-jsse-nio-9004-exec-1] DEBUG c.i.fb.mapper.TxLogMapper.logAdd - ==> Parameters: 20220808095114003(String), 0000000001(String), 2022-08-08(String), null, 2(String), 088(String), 151(Long), 0.107571917(BigDecimal), 1(Integer), 200(String), 2022-08-08 09:51:14.159(Timestamp), 2022-08-08 09:51:14.267(Timestamp), {
"api_key" : "7242191d-865c-48df-aa02-e3cf10bffd6d", 
"org_code" : "10000262", 
"org_telegram_no" : 2,
"tr_dt" : "20220808",
"drw_bank_code" : "088"
}(String), test(String), 20220808002089000002(String), null, null
[2022-08-08 09:51:14.303:714989][https-jsse-nio-9004-exec-1] DEBUG c.i.fb.mapper.TxLogMapper.logAdd - <==    Updates: 1
[2022-08-08 09:52:04.944:884][main] INFO  c.i.fb.FirmBankingApiApplication - Starting FirmBankingApiApplication using Java 11.0.11 on Kimui-MacBookPro.local with PID 49386 (/Users/skwx50000/Desktop/spring/firmBankingService/FirmBankingAPI_transfercheck/build/classes/java/main started by skwx50000 in /Users/skwx50000/Desktop/spring/firmBankingService/FirmBankingAPI_transfercheck)
[2022-08-08 09:52:04.946:886][main] DEBUG c.i.fb.FirmBankingApiApplication - Running with Spring Boot v2.6.7, Spring v5.3.19
[2022-08-08 09:52:04.946:886][main] INFO  c.i.fb.FirmBankingApiApplication - No active profile set, falling back to 1 default profile: "default"
[2022-08-08 09:52:08.513:4453][main] INFO  c.i.fb.FirmBankingApiApplication - Started FirmBankingApiApplication in 4.228 seconds (JVM running for 4.961)
[2022-08-08 09:52:08.520:4460][main] DEBUG c.i.fb.FirmBankingApiApplication - ----------------------------------------
[2022-08-08 09:52:08.520:4460][main] DEBUG c.i.fb.FirmBankingApiApplication - start local cache initializing
[2022-08-08 09:52:08.520:4460][main] DEBUG c.i.fb.FirmBankingApiApplication - ----------------------------------------
[2022-08-08 09:52:08.639:4579][main] DEBUG c.i.f.mapper.CustMstMapper.initData - ==>  Preparing: SELECT OrgCd FROM CustMst WHERE InUse = "Y"
[2022-08-08 09:52:08.649:4589][main] DEBUG c.i.f.mapper.CustMstMapper.initData - ==> Parameters: 
[2022-08-08 09:52:08.679:4619][main] DEBUG c.i.f.mapper.CustMstMapper.initData - <==      Total: 4
[2022-08-08 09:52:08.703:4643][main] DEBUG c.i.f.m.CustMstMapper.selectOne - ==>  Preparing: SELECT * FROM CustMst WHERE OrgCd = ?
[2022-08-08 09:52:08.703:4643][main] DEBUG c.i.f.m.CustMstMapper.selectOne - ==> Parameters: 10000262(String)
[2022-08-08 09:52:08.714:4654][main] DEBUG c.i.f.m.CustMstMapper.selectOne - <==      Total: 1
[2022-08-08 09:52:08.715:4655][main] DEBUG c.i.f.m.CustMstMapper.selectOne - ==>  Preparing: SELECT * FROM CustMst WHERE OrgCd = ?
[2022-08-08 09:52:08.715:4655][main] DEBUG c.i.f.m.CustMstMapper.selectOne - ==> Parameters: 10000263(String)
[2022-08-08 09:52:08.723:4663][main] DEBUG c.i.f.m.CustMstMapper.selectOne - <==      Total: 1
[2022-08-08 09:52:08.724:4664][main] DEBUG c.i.f.m.CustMstMapper.selectOne - ==>  Preparing: SELECT * FROM CustMst WHERE OrgCd = ?
[2022-08-08 09:52:08.724:4664][main] DEBUG c.i.f.m.CustMstMapper.selectOne - ==> Parameters: 10000264(String)
[2022-08-08 09:52:08.734:4674][main] DEBUG c.i.f.m.CustMstMapper.selectOne - <==      Total: 1
[2022-08-08 09:52:08.738:4678][main] DEBUG c.i.f.m.CustMstMapper.selectOne - ==>  Preparing: SELECT * FROM CustMst WHERE OrgCd = ?
[2022-08-08 09:52:08.739:4679][main] DEBUG c.i.f.m.CustMstMapper.selectOne - ==> Parameters: 10000267(String)
[2022-08-08 09:52:08.747:4687][main] DEBUG c.i.f.m.CustMstMapper.selectOne - <==      Total: 1
[2022-08-08 09:52:08.748:4688][main] DEBUG c.i.fb.FirmBankingApiApplication - ----------------------------------------
[2022-08-08 09:52:08.748:4688][main] DEBUG c.i.fb.FirmBankingApiApplication - complete local cache initializing
[2022-08-08 09:52:08.748:4688][main] DEBUG c.i.fb.FirmBankingApiApplication - ----------------------------------------
[2022-08-08 09:53:59.916:115856][https-jsse-nio-9004-exec-3] INFO  com.inspien.fb.FirmAPIController - transferCheckRequest : TransferCheckRequest(api_key=7242191d-865c-48df-aa02-e3cf10bffd6d, org_code=10000262, org_telegram_no=2, tr_dt=20220808, drw_bank_code=088)
[2022-08-08 09:53:59.932:115872][https-jsse-nio-9004-exec-3] INFO  com.inspien.fb.FirmAPIController - custData : [CustMst(CustId=0000000001, CustNm=SAP테스트, OrgCd=10000262, CallbackURL=https://p200029-iflmap.hcisbp.ap1.hana.ondemand.com/http/BankStatementPost, ApiKey=7242191d-865c-48df-aa02-e3cf10bffd6d, PriContactNm=null, PriContactTel=null, PriContactEmail=null, SecContactNm=null, SecContactTel=null, SecContactEmail=null, TxSequence=@, InUse=Y)]
[2022-08-08 09:53:59.998:115938][https-jsse-nio-9004-exec-3] DEBUG com.inspien.fb.svc.VANProxy - ----------------------------------------
[2022-08-08 09:54:00.001:115941][https-jsse-nio-9004-exec-3] DEBUG com.inspien.fb.svc.VANProxy - Executing request POST https://test-gw-firm.dozn.co.kr/api/rt/v1/transfer/check ==> {
  "api_key" : "7242191d-865c-48df-aa02-e3cf10bffd6d",
  "org_code" : "10000262",
  "org_telegram_no" : 2,
  "tr_dt" : "20220808",
  "drw_bank_code" : "088"
}
[2022-08-08 09:54:00.160:116100][https-jsse-nio-9004-exec-3] DEBUG com.inspien.fb.svc.VANProxy - ----------------------------------------
[2022-08-08 09:54:00.160:116100][https-jsse-nio-9004-exec-3] DEBUG com.inspien.fb.svc.VANProxy - 200 200 ==> {"status":200,"natv_tr_no":"20220808002089000002","transfer_at":"20220808093624","amount":1000}
[2022-08-08 09:54:00.160:116100][https-jsse-nio-9004-exec-3] DEBUG com.inspien.fb.svc.VANProxy - SSL protocol TLSv1.2, cipher suite TLS_ECDHE_RSA_WITH_AES_256_GCM_SHA384
[2022-08-08 09:54:00.179:116119][https-jsse-nio-9004-exec-3] INFO  com.inspien.fb.WriteLogs - start db insert
[2022-08-08 09:54:00.193:116133][https-jsse-nio-9004-exec-3] DEBUG c.i.f.m.TxTraceMapper.selectTxTrace - ==>  Preparing: SELECT IFNULL(TxTrace.TxSequence,'0') FROM TxTrace WHERE CustId = ? AND TxDate = ?
[2022-08-08 09:54:00.194:116134][https-jsse-nio-9004-exec-3] DEBUG c.i.f.m.TxTraceMapper.selectTxTrace - ==> Parameters: 0000000001(String), 2022-08-08(String)
[2022-08-08 09:54:00.203:116143][https-jsse-nio-9004-exec-3] DEBUG c.i.f.m.TxTraceMapper.selectTxTrace - <==      Total: 1
[2022-08-08 09:54:00.210:116150][https-jsse-nio-9004-exec-3] DEBUG com.inspien.fb.WriteLogs - txlog : TxLog(TxIdx=20220808095359001, CustId=0000000001, TxDate=2022-08-08, TelegramNo=null, TxType=2, BankCd=088, Size=151, RoundTrip=0.256283125, StmtCnt=1, Status=200, StartDT=2022-08-08 09:53:59.909, EndDT=2022-08-08 09:54:00.167, EncData={
"api_key" : "7242191d-865c-48df-aa02-e3cf10bffd6d", 
"org_code" : "10000262", 
"org_telegram_no" : 2,
"tr_dt" : "20220808",
"drw_bank_code" : "088"
}, NatvTrNo=20220808002089000002, ErrCode=null, ErrMsg=null)
[2022-08-08 09:54:00.231:116171][https-jsse-nio-9004-exec-3] DEBUG c.i.fb.mapper.TxLogMapper.logAdd - ==>  Preparing: INSERT INTO TxLog( TxIdx, CustId, TxDate, TelegramNo, TxType, BankCd, Size, RoundTrip, StmtCnt, Status, StartDT, EndDT, EncData, NatvTrNo, ErrCode, ErrMsg ) values( ?,?,?,?,?,?, ?,?,?,?,?,?, HEX(AES_ENCRYPT(?,SHA2(?,512))),?,?,?)
[2022-08-08 09:54:00.242:116182][https-jsse-nio-9004-exec-3] DEBUG c.i.fb.mapper.TxLogMapper.logAdd - ==> Parameters: 20220808095359001(String), 0000000001(String), 2022-08-08(String), null, 2(String), 088(String), 151(Long), 0.256283125(BigDecimal), 1(Integer), 200(String), 2022-08-08 09:53:59.909(Timestamp), 2022-08-08 09:54:00.167(Timestamp), {
"api_key" : "7242191d-865c-48df-aa02-e3cf10bffd6d", 
"org_code" : "10000262", 
"org_telegram_no" : 2,
"tr_dt" : "20220808",
"drw_bank_code" : "088"
}(String), test(String), 20220808002089000002(String), null, null
[2022-08-08 09:54:00.252:116192][https-jsse-nio-9004-exec-3] DEBUG c.i.fb.mapper.TxLogMapper.logAdd - <==    Updates: 1
[2022-08-08 09:54:30.790:146730][https-jsse-nio-9004-exec-2] INFO  com.inspien.fb.FirmAPIController - transferCheckRequest : TransferCheckRequest(api_key=7242191d-865c-48df-aa02-e3cf10bffd6d, org_code=10000262, org_telegram_no=2, tr_dt=20220808, drw_bank_code=088)
[2022-08-08 09:54:30.792:146732][https-jsse-nio-9004-exec-2] INFO  com.inspien.fb.FirmAPIController - custData : [CustMst(CustId=0000000001, CustNm=SAP테스트, OrgCd=10000262, CallbackURL=https://p200029-iflmap.hcisbp.ap1.hana.ondemand.com/http/BankStatementPost, ApiKey=7242191d-865c-48df-aa02-e3cf10bffd6d, PriContactNm=null, PriContactTel=null, PriContactEmail=null, SecContactNm=null, SecContactTel=null, SecContactEmail=null, TxSequence=@, InUse=Y)]
[2022-08-08 09:54:30.810:146750][https-jsse-nio-9004-exec-2] DEBUG com.inspien.fb.svc.VANProxy - ----------------------------------------
[2022-08-08 09:54:30.811:146751][https-jsse-nio-9004-exec-2] DEBUG com.inspien.fb.svc.VANProxy - Executing request POST https://test-gw-firm.dozn.co.kr/api/rt/v1/transfer/check ==> {
  "api_key" : "7242191d-865c-48df-aa02-e3cf10bffd6d",
  "org_code" : "10000262",
  "org_telegram_no" : 2,
  "tr_dt" : "20220808",
  "drw_bank_code" : "088"
}
[2022-08-08 09:54:30.930:146870][https-jsse-nio-9004-exec-2] DEBUG com.inspien.fb.svc.VANProxy - ----------------------------------------
[2022-08-08 09:54:30.930:146870][https-jsse-nio-9004-exec-2] DEBUG com.inspien.fb.svc.VANProxy - 200 200 ==> {"status":200,"natv_tr_no":"20220808002089000002","transfer_at":"20220808093624","amount":1000}
[2022-08-08 09:54:30.930:146870][https-jsse-nio-9004-exec-2] DEBUG com.inspien.fb.svc.VANProxy - SSL protocol TLSv1.2, cipher suite TLS_ECDHE_RSA_WITH_AES_256_GCM_SHA384
[2022-08-08 09:54:30.936:146876][https-jsse-nio-9004-exec-2] INFO  com.inspien.fb.WriteLogs - start db insert
[2022-08-08 09:54:30.946:146886][https-jsse-nio-9004-exec-2] DEBUG c.i.f.m.TxTraceMapper.selectTxTrace - ==>  Preparing: SELECT IFNULL(TxTrace.TxSequence,'0') FROM TxTrace WHERE CustId = ? AND TxDate = ?
[2022-08-08 09:54:30.950:146890][https-jsse-nio-9004-exec-2] DEBUG c.i.f.m.TxTraceMapper.selectTxTrace - ==> Parameters: 0000000001(String), 2022-08-08(String)
[2022-08-08 09:54:30.961:146901][https-jsse-nio-9004-exec-2] DEBUG c.i.f.m.TxTraceMapper.selectTxTrace - <==      Total: 1
[2022-08-08 09:54:30.970:146910][https-jsse-nio-9004-exec-2] DEBUG com.inspien.fb.WriteLogs - txlog : TxLog(TxIdx=20220808095430002, CustId=0000000001, TxDate=2022-08-08, TelegramNo=null, TxType=2, BankCd=088, Size=151, RoundTrip=0.146512792, StmtCnt=1, Status=200, StartDT=2022-08-08 09:54:30.788, EndDT=2022-08-08 09:54:30.935, EncData={
"api_key" : "7242191d-865c-48df-aa02-e3cf10bffd6d", 
"org_code" : "10000262", 
"org_telegram_no" : 2,
"tr_dt" : "20220808",
"drw_bank_code" : "088"
}, NatvTrNo=20220808002089000002, ErrCode=null, ErrMsg=null)
[2022-08-08 09:54:30.972:146912][https-jsse-nio-9004-exec-2] DEBUG c.i.fb.mapper.TxLogMapper.logAdd - ==>  Preparing: INSERT INTO TxLog( TxIdx, CustId, TxDate, TelegramNo, TxType, BankCd, Size, RoundTrip, StmtCnt, Status, StartDT, EndDT, EncData, NatvTrNo, ErrCode, ErrMsg ) values( ?,?,?,?,?,?, ?,?,?,?,?,?, HEX(AES_ENCRYPT(?,SHA2(?,512))),?,?,?)
[2022-08-08 09:54:30.973:146913][https-jsse-nio-9004-exec-2] DEBUG c.i.fb.mapper.TxLogMapper.logAdd - ==> Parameters: 20220808095430002(String), 0000000001(String), 2022-08-08(String), null, 2(String), 088(String), 151(Long), 0.146512792(BigDecimal), 1(Integer), 200(String), 2022-08-08 09:54:30.788(Timestamp), 2022-08-08 09:54:30.935(Timestamp), {
"api_key" : "7242191d-865c-48df-aa02-e3cf10bffd6d", 
"org_code" : "10000262", 
"org_telegram_no" : 2,
"tr_dt" : "20220808",
"drw_bank_code" : "088"
}(String), test(String), 20220808002089000002(String), null, null
[2022-08-08 09:54:30.986:146926][https-jsse-nio-9004-exec-2] DEBUG c.i.fb.mapper.TxLogMapper.logAdd - <==    Updates: 1
[2022-08-08 09:57:22.812:923][main] INFO  c.i.fb.FirmBankingApiApplication - Starting FirmBankingApiApplication using Java 11.0.11 on Kimui-MacBookPro.local with PID 49549 (/Users/skwx50000/Desktop/spring/firmBankingService/FirmBankingAPI_transfercheck/build/classes/java/main started by skwx50000 in /Users/skwx50000/Desktop/spring/firmBankingService/FirmBankingAPI_transfercheck)
[2022-08-08 09:57:22.814:925][main] DEBUG c.i.fb.FirmBankingApiApplication - Running with Spring Boot v2.6.7, Spring v5.3.19
[2022-08-08 09:57:22.815:926][main] INFO  c.i.fb.FirmBankingApiApplication - No active profile set, falling back to 1 default profile: "default"
[2022-08-08 09:57:26.534:4645][main] INFO  c.i.fb.FirmBankingApiApplication - Started FirmBankingApiApplication in 4.442 seconds (JVM running for 5.125)
[2022-08-08 09:57:26.540:4651][main] DEBUG c.i.fb.FirmBankingApiApplication - ----------------------------------------
[2022-08-08 09:57:26.540:4651][main] DEBUG c.i.fb.FirmBankingApiApplication - start local cache initializing
[2022-08-08 09:57:26.540:4651][main] DEBUG c.i.fb.FirmBankingApiApplication - ----------------------------------------
[2022-08-08 09:57:26.682:4793][main] DEBUG c.i.f.mapper.CustMstMapper.initData - ==>  Preparing: SELECT OrgCd FROM CustMst WHERE InUse = "Y"
[2022-08-08 09:57:26.692:4803][main] DEBUG c.i.f.mapper.CustMstMapper.initData - ==> Parameters: 
[2022-08-08 09:57:26.718:4829][main] DEBUG c.i.f.mapper.CustMstMapper.initData - <==      Total: 4
[2022-08-08 09:57:26.743:4854][main] DEBUG c.i.f.m.CustMstMapper.selectOne - ==>  Preparing: SELECT * FROM CustMst WHERE OrgCd = ?
[2022-08-08 09:57:26.743:4854][main] DEBUG c.i.f.m.CustMstMapper.selectOne - ==> Parameters: 10000262(String)
[2022-08-08 09:57:26.754:4865][main] DEBUG c.i.f.m.CustMstMapper.selectOne - <==      Total: 1
[2022-08-08 09:57:26.755:4866][main] DEBUG c.i.f.m.CustMstMapper.selectOne - ==>  Preparing: SELECT * FROM CustMst WHERE OrgCd = ?
[2022-08-08 09:57:26.755:4866][main] DEBUG c.i.f.m.CustMstMapper.selectOne - ==> Parameters: 10000263(String)
[2022-08-08 09:57:26.763:4874][main] DEBUG c.i.f.m.CustMstMapper.selectOne - <==      Total: 1
[2022-08-08 09:57:26.764:4875][main] DEBUG c.i.f.m.CustMstMapper.selectOne - ==>  Preparing: SELECT * FROM CustMst WHERE OrgCd = ?
[2022-08-08 09:57:26.764:4875][main] DEBUG c.i.f.m.CustMstMapper.selectOne - ==> Parameters: 10000264(String)
[2022-08-08 09:57:26.772:4883][main] DEBUG c.i.f.m.CustMstMapper.selectOne - <==      Total: 1
[2022-08-08 09:57:26.774:4885][main] DEBUG c.i.f.m.CustMstMapper.selectOne - ==>  Preparing: SELECT * FROM CustMst WHERE OrgCd = ?
[2022-08-08 09:57:26.774:4885][main] DEBUG c.i.f.m.CustMstMapper.selectOne - ==> Parameters: 10000267(String)
[2022-08-08 09:57:26.782:4893][main] DEBUG c.i.f.m.CustMstMapper.selectOne - <==      Total: 1
[2022-08-08 09:57:26.782:4893][main] DEBUG c.i.fb.FirmBankingApiApplication - ----------------------------------------
[2022-08-08 09:57:26.782:4893][main] DEBUG c.i.fb.FirmBankingApiApplication - complete local cache initializing
[2022-08-08 09:57:26.782:4893][main] DEBUG c.i.fb.FirmBankingApiApplication - ----------------------------------------
